Generated by configure script
BSDBuild Version: 2.8-beta
Host: i686-pc-mingw32
Argument: --cache=../.configurecache
checking for a C compiler...yes, /mingw/bin/cc
checking whether the C compiler works...yes
Detected executable suffix: .exe
checking for compiler warning options.../mingw/bin/cc   -Wall -Werror -o ./conftest conftest.c 
yes
checking for gcc.../mingw/bin/cc  -Wall -Werror  -o ./conftest conftest.c 
yes
checking for IEEE754 floating point.../mingw/bin/cc  -Wall -Werror  -o ./conftest conftest.c 
conftest.c: In function 'main':
conftest.c:5:9: error: variable 'd' set but not used [-Werror=unused-but-set-variable]
conftest.c:4:8: error: variable 'f' set but not used [-Werror=unused-but-set-variable]
cc1.exe: all warnings being treated as errors

-> failed (0)
no
checking aligned attribute.../mingw/bin/cc  -Wall -Werror -Wall -Werror -o ./conftest conftest.c
yes
checking bounded attribute.../mingw/bin/cc  -Wall -Werror  -o ./conftest conftest.c 
conftest.c:1:1: error: '__bounded__' attribute directive ignored [-Werror=attributes]
cc1.exe: all warnings being treated as errors

-> failed (0)
no
checking const attribute.../mingw/bin/cc  -Wall -Werror  -o ./conftest conftest.c
yes
checking deprecated attribute.../mingw/bin/cc  -Wall -Werror  -o ./conftest conftest.c
yes
checking format attribute.../mingw/bin/cc  -Wall -Werror  -o ./conftest conftest.c 
yes
checking nonnull attribute.../mingw/bin/cc  -Wall -Werror -Wall -Werror -o ./conftest conftest.c
yes
checking noreturn attribute.../mingw/bin/cc  -Wall -Werror  -o ./conftest conftest.c
yes
checking packed attribute.../mingw/bin/cc  -Wall -Werror -Wall -Werror -o ./conftest conftest.c
yes
checking pure attribute.../mingw/bin/cc  -Wall -Werror  -o ./conftest conftest.c
yes
checking warn_unused_result attribute.../mingw/bin/cc  -Wall -Werror  -o ./conftest conftest.c
yes
checking for long double.../mingw/bin/cc  -Wall -Werror -o ./conftest conftest.c
conftest.c: In function 'main':
conftest.c:4:14: error: variable 'ld' set but not used [-Werror=unused-but-set-variable]
cc1.exe: all warnings being treated as errors

-> failed (0)
no
checking for long long.../mingw/bin/cc  -Wall -Werror -o ./conftest conftest.c
conftest.c: In function 'main':
conftest.c:5:21: error: variable 'ull' set but not used [-Werror=unused-but-set-variable]
conftest.c:4:12: error: variable 'll' set but not used [-Werror=unused-but-set-variable]
cc1.exe: all warnings being treated as errors

-> failed (0)
no
checking for cygwin environment.../mingw/bin/cc  -Wall -Werror -mcygwin -o ./conftest conftest.c
cc1.exe: error: unrecognized command line option '-mcygwin'
-> failed (0)
no
checking for POSIX threads.../mingw/bin/cc  -Wall -Werror  -o ./conftest conftest.c -lpthread
yes
checking for the X/Open Threads Extension.../mingw/bin/cc   -Wall -Werror -U_XOPEN_SOURCE -D_XOPEN_SOURCE=600 -o ./conftest conftest.c -lpthread
yes
checking for PTHREAD_MUTEX_RECURSIVE.../mingw/bin/cc   -Wall -Werror  -o ./conftest conftest.c -lpthread
yes
checking for PTHREAD_MUTEX_RECURSIVE_NP.../mingw/bin/cc   -Wall -Werror  -o ./conftest conftest.c -lpthread
yes
checking for SDL (http://www.libsdl.org)...yes (1.2.15)
checking whether SDL works.../mingw/bin/cc   -Wall -Werror -I/usr/local/include/SDL -D_GNU_SOURCE=1 -Dmain=SDL_main -o ./conftest conftest.c -L/usr/local/lib -lmingw32 -lSDLmain -lSDL -mwindows
yes
checking for OpenGL (http://www.opengl.org)...yes
checking whether -lopengl32 works.../mingw/bin/cc   -Wall -Werror  -o ./conftest conftest.c -lopengl32
yes
checking whether OpenGL works.../mingw/bin/cc   -Wall -Werror  -o ./conftest conftest.c  -L/usr/local/lib -lopengl32
yes
checking for FreeType (http://www.freetype.org)...yes (14.1.8)
checking whether FreeType works.../mingw/bin/cc   -Wall -Werror -I/usr/local/include/freetype2 -I/usr/local/include -o ./conftest conftest.c -L/usr/local/lib -lfreetype
yes
checking for Agar (http://libagar.org/)...yes (1.4.1)
checking whether Agar works.../mingw/bin/cc   -Wall -Werror -I/usr/local/include/agar -I/usr/local/include/SDL -D_GNU_SOURCE=1 -Dmain=SDL_main  -I/usr/local/include/freetype2 -I/usr/local/include         -o ./conftest conftest.c -L/usr/lib64 -L/usr/local/lib -lag_gui -lag_core -L/usr/local/lib -lmingw32 -lSDLmain -lSDL -mwindows -L/usr/local/lib -lfreetype  -L/usr/local/lib -lopengl32 -lgdi32 -lm    -lpthread    
C:/MinGW/msys/1.0/local/lib/libag_core.a(core.o):core.c:(.text+0xe6): undefined reference to `agTimeOps_win32'
collect2: ld returned 1 exit status
-> failed (0)
no
* 
* This software requires agar installed on your system.
* 
