
Lecture du fichier ASE : ./ase/joueurTex.ase
Nombre de matériaux : 1

LISTE DE MATOS
Materiau de type : "Standard" (0)
Materiau Standard
Couleur ambiante : 0.5294 0.2353 0.2353
Couleur diffuse : 0.5294 0.2353 0.2353
Couleur specular : 0.9 0.9 0.9 (par defaut)
Nom du fichier de texture : H:\jkt\project\Ressources\Images\Textures\fessealex2.jpg (par defaut)
Nom du fichier de texture : H:\jkt\project\Ressources\Images\Textures\fessealex2.jpg
Materiau 1repertorie

Nom de l'objet geo : Bo_te01
Row0 : 1	0	0

Row1 : 0	0	1

Row2 : 0	-1	0

Il y a 8 sommets dans l'objet geometrique 1
Il y a 12 faces dans l'objet geometrique 1
Le fichier contient 8 sommets et 12faces
TABLEAU DE SOMMETS :

	0 -0.197688 0 -0.334865
	1 -0.120393 0 -0.334865
	2 -0.197688 0 -0.286556
	3 -0.120393 0 -0.286556
	4 -0.197688 -0.0966183 -0.334865
	5 -0.120393 -0.0966183 -0.334865
	6 -0.197688 -0.0966183 -0.286556
	7 -0.120393 -0.0966183 -0.286556
TABLEAU D'INDEX :

	0 2 3  tex(1)
	3 1 0  tex(1)
	4 5 7  tex(0)
	7 6 4  tex(0)
	0 1 5  tex(4)
	5 4 0  tex(4)
	1 3 7  tex(3)
	7 5 1  tex(3)
	3 2 6  tex(5)
	6 7 3  tex(5)
	2 0 4  tex(2)
	4 6 2  tex(2)
La couleur est  0.3373 0.3373 0.3373 dans l'objet géométrique 1
Nom de l'objet geo : Bo_te02
Row0 : 1	0	0

Row1 : 0	0	1

Row2 : 0	-1	0

Il y a 8 sommets dans l'objet geometrique 2
Il y a 12 faces dans l'objet geometrique 2
Le fichier contient 8 sommets et 12faces
TABLEAU DE SOMMETS :

	0 0.115176 0 -0.334865
	1 0.192471 0 -0.334865
	2 0.115176 0 -0.286556
	3 0.192471 0 -0.286556
	4 0.115176 -0.0966183 -0.334865
	5 0.192471 -0.0966183 -0.334865
	6 0.115176 -0.0966183 -0.286556
	7 0.192471 -0.0966183 -0.286556
TABLEAU D'INDEX :

	0 2 3  tex(1)
	3 1 0  tex(1)
	4 5 7  tex(0)
	7 6 4  tex(0)
	0 1 5  tex(4)
	5 4 0  tex(4)
	1 3 7  tex(3)
	7 5 1  tex(3)
	3 2 6  tex(5)
	6 7 3  tex(5)
	2 0 4  tex(2)
	4 6 2  tex(2)
La couleur est  0.3373 0.3373 0.3373 dans l'objet géométrique 2
Nom de l'objet geo : Cylindre01
Row0 : 1	0	0

Row1 : 0	1	0

Row2 : 0	0	1

Il y a 14 sommets dans l'objet geometrique 3
Il y a 24 faces dans l'objet geometrique 3
Le fichier contient 14 sommets et 24faces
TABLEAU DE SOMMETS :

	0 0.00177533 0.00355067 -0.134907
	1 0.0708467 0.00355067 -0.134907
	2 0.036311 0.0633683 -0.134907
	3 -0.0327603 0.0633683 -0.134907
	4 -0.067296 0.00355067 -0.134907
	5 -0.0327603 -0.0562667 -0.134907
	6 0.036311 -0.0562667 -0.134907
	7 0.0708467 0.00355067 0.332798
	8 0.036311 0.0633683 0.332798
	9 -0.0327603 0.0633683 0.332798
	10 -0.067296 0.00355067 0.332798
	11 -0.0327603 -0.0562667 0.332798
	12 0.036311 -0.0562667 0.332798
	13 0.00177533 0.00355067 0.332798
TABLEAU D'INDEX :

	0 2 1  tex(1)
	0 3 2  tex(1)
	0 4 3  tex(1)
	0 5 4  tex(1)
	0 6 5  tex(1)
	0 1 6  tex(1)
	1 8 7  tex(2)
	1 2 8  tex(2)
	2 9 8  tex(2)
	2 3 9  tex(2)
	3 10 9  tex(2)
	3 4 10  tex(2)
	4 11 10  tex(2)
	4 5 11  tex(2)
	5 12 11  tex(2)
	5 6 12  tex(2)
	6 7 12  tex(2)
	6 1 7  tex(2)
	13 7 8  tex(0)
	13 8 9  tex(0)
	13 9 10  tex(0)
	13 10 11  tex(0)
	13 11 12  tex(0)
	13 12 7  tex(0)
La couleur est  0.8941 0.7216 0.6 dans l'objet géométrique 3
Nom de l'objet geo : Tore01
Row0 : -0	-1	-0

Row1 : -0	-0	1

Row2 : -1	0	0

Il y a 30 sommets dans l'objet geometrique 4
Il y a 60 faces dans l'objet geometrique 4
Le fichier contient 30 sommets et 60faces
TABLEAU DE SOMMETS :

	0 -0.118942 -0.173985 0.286074
	1 -0.14402 -0.173985 0.267854
	2 -0.134441 -0.173985 0.238373
	3 -0.103443 -0.173985 0.238373
	4 -0.0938637 -0.173985 0.267854
	5 -0.118942 -0.246904 0.243975
	6 -0.14402 -0.231124 0.234864
	7 -0.134441 -0.205593 0.220124
	8 -0.103443 -0.205593 0.220124
	9 -0.0938637 -0.231124 0.234864
	10 -0.118942 -0.246904 0.159775
	11 -0.14402 -0.231124 0.168885
	12 -0.134441 -0.205593 0.183626
	13 -0.103443 -0.205593 0.183626
	14 -0.0938637 -0.231124 0.168885
	15 -0.118942 -0.173985 0.117675
	16 -0.14402 -0.173985 0.135896
	17 -0.134441 -0.173985 0.165377
	18 -0.103443 -0.173985 0.165377
	19 -0.0938637 -0.173985 0.135896
	20 -0.118942 -0.101066 0.159775
	21 -0.14402 -0.116845 0.168885
	22 -0.134441 -0.142376 0.183626
	23 -0.103443 -0.142376 0.183626
	24 -0.0938637 -0.116845 0.168885
	25 -0.118942 -0.101066 0.243975
	26 -0.14402 -0.116845 0.234864
	27 -0.134441 -0.142376 0.220124
	28 -0.103443 -0.142376 0.220124
	29 -0.0938637 -0.116845 0.234864
TABLEAU D'INDEX :

	0 6 5  tex(0)
	0 1 6  tex(0)
	1 7 6  tex(0)
	1 2 7  tex(0)
	2 8 7  tex(0)
	2 3 8  tex(0)
	3 9 8  tex(0)
	3 4 9  tex(0)
	4 5 9  tex(0)
	4 0 5  tex(0)
	5 11 10  tex(0)
	5 6 11  tex(0)
	6 12 11  tex(0)
	6 7 12  tex(0)
	7 13 12  tex(0)
	7 8 13  tex(0)
	8 14 13  tex(0)
	8 9 14  tex(0)
	9 10 14  tex(0)
	9 5 10  tex(0)
	10 16 15  tex(0)
	10 11 16  tex(0)
	11 17 16  tex(0)
	11 12 17  tex(0)
	12 18 17  tex(0)
	12 13 18  tex(0)
	13 19 18  tex(0)
	13 14 19  tex(0)
	14 15 19  tex(0)
	14 10 15  tex(0)
	15 21 20  tex(0)
	15 16 21  tex(0)
	16 22 21  tex(0)
	16 17 22  tex(0)
	17 23 22  tex(0)
	17 18 23  tex(0)
	18 24 23  tex(0)
	18 19 24  tex(0)
	19 20 24  tex(0)
	19 15 20  tex(0)
	20 26 25  tex(0)
	20 21 26  tex(0)
	21 27 26  tex(0)
	21 22 27  tex(0)
	22 28 27  tex(0)
	22 23 28  tex(0)
	23 29 28  tex(0)
	23 24 29  tex(0)
	24 25 29  tex(0)
	24 20 25  tex(0)
	25 1 0  tex(0)
	25 26 1  tex(0)
	26 2 1  tex(0)
	26 27 2  tex(0)
	27 3 2  tex(0)
	27 28 3  tex(0)
	28 4 3  tex(0)
	28 29 4  tex(0)
	29 0 4  tex(0)
	29 25 0  tex(0)
La couleur est  0.0235 0.5255 0.4431 dans l'objet géométrique 4
Nom de l'objet geo : Tore02
Row0 : -0	-1	-0

Row1 : -0	-0	1

Row2 : -1	0	0

Il y a 30 sommets dans l'objet geometrique 5
Il y a 60 faces dans l'objet geometrique 5
Le fichier contient 30 sommets et 60faces
TABLEAU DE SOMMETS :

	0 0.126275 -0.173985 0.286074
	1 0.101196 -0.173985 0.267854
	2 0.110775 -0.173985 0.238373
	3 0.141774 -0.173985 0.238373
	4 0.151353 -0.173985 0.267854
	5 0.126275 -0.246904 0.243975
	6 0.101196 -0.231124 0.234864
	7 0.110775 -0.205593 0.220124
	8 0.141774 -0.205593 0.220124
	9 0.151353 -0.231124 0.234864
	10 0.126275 -0.246904 0.159775
	11 0.101196 -0.231124 0.168885
	12 0.110775 -0.205593 0.183626
	13 0.141774 -0.205593 0.183626
	14 0.151353 -0.231124 0.168885
	15 0.126275 -0.173985 0.117675
	16 0.101196 -0.173985 0.135896
	17 0.110775 -0.173985 0.165377
	18 0.141774 -0.173985 0.165377
	19 0.151353 -0.173985 0.135896
	20 0.126275 -0.101066 0.159775
	21 0.101196 -0.116845 0.168885
	22 0.110775 -0.142376 0.183626
	23 0.141774 -0.142376 0.183626
	24 0.151353 -0.116845 0.168885
	25 0.126275 -0.101066 0.243975
	26 0.101196 -0.116845 0.234864
	27 0.110775 -0.142376 0.220124
	28 0.141774 -0.142376 0.220124
	29 0.151353 -0.116845 0.234864
TABLEAU D'INDEX :

	0 6 5  tex(0)
	0 1 6  tex(0)
	1 7 6  tex(0)
	1 2 7  tex(0)
	2 8 7  tex(0)
	2 3 8  tex(0)
	3 9 8  tex(0)
	3 4 9  tex(0)
	4 5 9  tex(0)
	4 0 5  tex(0)
	5 11 10  tex(0)
	5 6 11  tex(0)
	6 12 11  tex(0)
	6 7 12  tex(0)
	7 13 12  tex(0)
	7 8 13  tex(0)
	8 14 13  tex(0)
	8 9 14  tex(0)
	9 10 14  tex(0)
	9 5 10  tex(0)
	10 16 15  tex(0)
	10 11 16  tex(0)
	11 17 16  tex(0)
	11 12 17  tex(0)
	12 18 17  tex(0)
	12 13 18  tex(0)
	13 19 18  tex(0)
	13 14 19  tex(0)
	14 15 19  tex(0)
	14 10 15  tex(0)
	15 21 20  tex(0)
	15 16 21  tex(0)
	16 22 21  tex(0)
	16 17 22  tex(0)
	17 23 22  tex(0)
	17 18 23  tex(0)
	18 24 23  tex(0)
	18 19 24  tex(0)
	19 20 24  tex(0)
	19 15 20  tex(0)
	20 26 25  tex(0)
	20 21 26  tex(0)
	21 27 26  tex(0)
	21 22 27  tex(0)
	22 28 27  tex(0)
	22 23 28  tex(0)
	23 29 28  tex(0)
	23 24 29  tex(0)
	24 25 29  tex(0)
	24 20 25  tex(0)
	25 1 0  tex(0)
	25 26 1  tex(0)
	26 2 1  tex(0)
	26 27 2  tex(0)
	27 3 2  tex(0)
	27 28 3  tex(0)
	28 4 3  tex(0)
	28 29 4  tex(0)
	29 0 4  tex(0)
	29 25 0  tex(0)
La couleur est  0.0235 0.5255 0.4431 dans l'objet géométrique 5
Nom de l'objet geo : Cylindre04
Row0 : -0	-1	-0

Row1 : -0	-0	1

Row2 : -1	0	0

Il y a 14 sommets dans l'objet geometrique 6
Il y a 24 faces dans l'objet geometrique 6
Le fichier contient 14 sommets et 24faces
TABLEAU DE SOMMETS :

	0 0.179277 0.00133933 -0.134605
	1 0.179277 -0.0281477 -0.134605
	2 0.179277 -0.013404 -0.109069
	3 0.179277 0.0160827 -0.109069
	4 0.179277 0.0308263 -0.134605
	5 0.179277 0.0160827 -0.160142
	6 0.179277 -0.013404 -0.160142
	7 -0.193778 -0.0281477 -0.134605
	8 -0.193778 -0.013404 -0.109069
	9 -0.193778 0.0160827 -0.109069
	10 -0.193778 0.0308263 -0.134605
	11 -0.193778 0.0160827 -0.160142
	12 -0.193778 -0.013404 -0.160142
	13 -0.193778 0.00133933 -0.134605
TABLEAU D'INDEX :

	0 2 1  tex(1)
	0 3 2  tex(1)
	0 4 3  tex(1)
	0 5 4  tex(1)
	0 6 5  tex(1)
	0 1 6  tex(1)
	1 8 7  tex(2)
	1 2 8  tex(2)
	2 9 8  tex(2)
	2 3 9  tex(2)
	3 10 9  tex(2)
	3 4 10  tex(2)
	4 11 10  tex(2)
	4 5 11  tex(2)
	5 12 11  tex(2)
	5 6 12  tex(2)
	6 7 12  tex(2)
	6 1 7  tex(2)
	13 7 8  tex(0)
	13 8 9  tex(0)
	13 9 10  tex(0)
	13 10 11  tex(0)
	13 11 12  tex(0)
	13 12 7  tex(0)
La couleur est  0.8941 0.7216 0.6 dans l'objet géométrique 6
Nom de l'objet geo : Cylindre02
Row0 : 1	0	0

Row1 : 0	1	0

Row2 : 0	0	1

Il y a 14 sommets dans l'objet geometrique 7
Il y a 24 faces dans l'objet geometrique 7
Le fichier contient 14 sommets et 24faces
TABLEAU DE SOMMETS :

	0 0.153886 0.000682667 -0.310462
	1 0.175396 0.000682667 -0.310462
	2 0.164641 0.019311 -0.310462
	3 0.143131 0.019311 -0.310462
	4 0.132376 0.000682667 -0.310462
	5 0.143131 -0.0179457 -0.310462
	6 0.164641 -0.0179457 -0.310462
	7 0.175396 0.000682667 -0.126908
	8 0.164641 0.019311 -0.126908
	9 0.143131 0.019311 -0.126908
	10 0.132376 0.000682667 -0.126908
	11 0.143131 -0.0179457 -0.126908
	12 0.164641 -0.0179457 -0.126908
	13 0.153886 0.000682667 -0.126908
TABLEAU D'INDEX :

	0 2 1  tex(1)
	0 3 2  tex(1)
	0 4 3  tex(1)
	0 5 4  tex(1)
	0 6 5  tex(1)
	0 1 6  tex(1)
	1 8 7  tex(2)
	1 2 8  tex(2)
	2 9 8  tex(2)
	2 3 9  tex(2)
	3 10 9  tex(2)
	3 4 10  tex(2)
	4 11 10  tex(2)
	4 5 11  tex(2)
	5 12 11  tex(2)
	5 6 12  tex(2)
	6 7 12  tex(2)
	6 1 7  tex(2)
	13 7 8  tex(0)
	13 8 9  tex(0)
	13 9 10  tex(0)
	13 10 11  tex(0)
	13 11 12  tex(0)
	13 12 7  tex(0)
La couleur est  0.8941 0.7216 0.6 dans l'objet géométrique 7
Nom de l'objet geo : Cylindre03
Row0 : 1	0	0

Row1 : 0	1	0

Row2 : 0	0	1

Il y a 14 sommets dans l'objet geometrique 8
Il y a 24 faces dans l'objet geometrique 8
Le fichier contient 14 sommets et 24faces
TABLEAU DE SOMMETS :

	0 -0.160958 0.000682667 -0.310462
	1 -0.139447 0.000682667 -0.310462
	2 -0.150202 0.019311 -0.310462
	3 -0.171713 0.019311 -0.310462
	4 -0.182468 0.000682667 -0.310462
	5 -0.171713 -0.0179457 -0.310462
	6 -0.150202 -0.0179457 -0.310462
	7 -0.139447 0.000682667 -0.126908
	8 -0.150202 0.019311 -0.126908
	9 -0.171713 0.019311 -0.126908
	10 -0.182468 0.000682667 -0.126908
	11 -0.171713 -0.0179457 -0.126908
	12 -0.150202 -0.0179457 -0.126908
	13 -0.160958 0.000682667 -0.126908
TABLEAU D'INDEX :

	0 2 1  tex(1)
	0 3 2  tex(1)
	0 4 3  tex(1)
	0 5 4  tex(1)
	0 6 5  tex(1)
	0 1 6  tex(1)
	1 8 7  tex(2)
	1 2 8  tex(2)
	2 9 8  tex(2)
	2 3 9  tex(2)
	3 10 9  tex(2)
	3 4 10  tex(2)
	4 11 10  tex(2)
	4 5 11  tex(2)
	5 12 11  tex(2)
	5 6 12  tex(2)
	6 7 12  tex(2)
	6 1 7  tex(2)
	13 7 8  tex(0)
	13 8 9  tex(0)
	13 9 10  tex(0)
	13 10 11  tex(0)
	13 11 12  tex(0)
	13 12 7  tex(0)
La couleur est  0.8941 0.7216 0.6 dans l'objet géométrique 8
Nom de l'objet geo : Cylindre05
Row0 : -0	-1	-0

Row1 : -0	-0	1

Row2 : -1	0	0

Il y a 14 sommets dans l'objet geometrique 9
Il y a 24 faces dans l'objet geometrique 9
Le fichier contient 14 sommets et 24faces
TABLEAU DE SOMMETS :

	0 0.13173 0.00499667 0.205532
	1 0.13173 -0.014699 0.205532
	2 0.13173 -0.004851 0.222589
	3 0.13173 0.0148447 0.222589
	4 0.13173 0.0246923 0.205532
	5 0.13173 0.0148447 0.188475
	6 0.13173 -0.004851 0.188475
	7 -0.131602 -0.014699 0.205532
	8 -0.131602 -0.004851 0.222589
	9 -0.131602 0.0148447 0.222589
	10 -0.131602 0.0246923 0.205532
	11 -0.131602 0.0148447 0.188475
	12 -0.131602 -0.004851 0.188475
	13 -0.131602 0.00499667 0.205532
TABLEAU D'INDEX :

	0 2 1  tex(1)
	0 3 2  tex(1)
	0 4 3  tex(1)
	0 5 4  tex(1)
	0 6 5  tex(1)
	0 1 6  tex(1)
	1 8 7  tex(2)
	1 2 8  tex(2)
	2 9 8  tex(2)
	2 3 9  tex(2)
	3 10 9  tex(2)
	3 4 10  tex(2)
	4 11 10  tex(2)
	4 5 11  tex(2)
	5 12 11  tex(2)
	5 6 12  tex(2)
	6 7 12  tex(2)
	6 1 7  tex(2)
	13 7 8  tex(0)
	13 8 9  tex(0)
	13 9 10  tex(0)
	13 10 11  tex(0)
	13 11 12  tex(0)
	13 12 7  tex(0)
La couleur est  0.8941 0.7216 0.6 dans l'objet géométrique 9
Nom de l'objet geo : Cylindre06
Row0 : 1	0	0

Row1 : 0	0	1

Row2 : 0	-1	0

Il y a 14 sommets dans l'objet geometrique 10
Il y a 24 faces dans l'objet geometrique 10
Le fichier contient 14 sommets et 24faces
TABLEAU DE SOMMETS :

	0 -0.119165 -0 0.205532
	1 -0.0994697 -0 0.205532
	2 -0.109317 -0 0.222589
	3 -0.129013 -0 0.222589
	4 -0.138861 -0 0.205532
	5 -0.129013 -0 0.188475
	6 -0.109317 -0 0.188475
	7 -0.0994697 -0.124351 0.205532
	8 -0.109317 -0.124351 0.222589
	9 -0.129013 -0.124351 0.222589
	10 -0.138861 -0.124351 0.205532
	11 -0.129013 -0.124351 0.188475
	12 -0.109317 -0.124351 0.188475
	13 -0.119165 -0.124351 0.205532
TABLEAU D'INDEX :

	0 2 1  tex(1)
	0 3 2  tex(1)
	0 4 3  tex(1)
	0 5 4  tex(1)
	0 6 5  tex(1)
	0 1 6  tex(1)
	1 8 7  tex(2)
	1 2 8  tex(2)
	2 9 8  tex(2)
	2 3 9  tex(2)
	3 10 9  tex(2)
	3 4 10  tex(2)
	4 11 10  tex(2)
	4 5 11  tex(2)
	5 12 11  tex(2)
	5 6 12  tex(2)
	6 7 12  tex(2)
	6 1 7  tex(2)
	13 7 8  tex(0)
	13 8 9  tex(0)
	13 9 10  tex(0)
	13 10 11  tex(0)
	13 11 12  tex(0)
	13 12 7  tex(0)
La couleur est  0.8941 0.7216 0.6 dans l'objet géométrique 10
Nom de l'objet geo : Cylindre07
Row0 : 1	0	0

Row1 : 0	0	1

Row2 : 0	-1	0

Il y a 14 sommets dans l'objet geometrique 11
Il y a 24 faces dans l'objet geometrique 11
Le fichier contient 14 sommets et 24faces
TABLEAU DE SOMMETS :

	0 0.12642 -0 0.205532
	1 0.146116 -0 0.205532
	2 0.136268 -0 0.222589
	3 0.116573 -0 0.222589
	4 0.106725 -0 0.205532
	5 0.116573 -0 0.188475
	6 0.136268 -0 0.188475
	7 0.146116 -0.124351 0.205532
	8 0.136268 -0.124351 0.222589
	9 0.116573 -0.124351 0.222589
	10 0.106725 -0.124351 0.205532
	11 0.116573 -0.124351 0.188475
	12 0.136268 -0.124351 0.188475
	13 0.12642 -0.124351 0.205532
TABLEAU D'INDEX :

	0 2 1  tex(1)
	0 3 2  tex(1)
	0 4 3  tex(1)
	0 5 4  tex(1)
	0 6 5  tex(1)
	0 1 6  tex(1)
	1 8 7  tex(2)
	1 2 8  tex(2)
	2 9 8  tex(2)
	2 3 9  tex(2)
	3 10 9  tex(2)
	3 4 10  tex(2)
	4 11 10  tex(2)
	4 5 11  tex(2)
	5 12 11  tex(2)
	5 6 12  tex(2)
	6 7 12  tex(2)
	6 1 7  tex(2)
	13 7 8  tex(0)
	13 8 9  tex(0)
	13 9 10  tex(0)
	13 10 11  tex(0)
	13 11 12  tex(0)
	13 12 7  tex(0)
La couleur est  0.8941 0.7216 0.6 dans l'objet géométrique 11
Nom de l'objet geo : Sph_re06
Row0 : -0	-1	-0

Row1 : -0	-0	1

Row2 : -1	0	0

Il y a 6 sommets dans l'objet geometrique 12
Il y a 8 faces dans l'objet geometrique 12
Le fichier contient 6 sommets et 8faces
TABLEAU DE SOMMETS :

	0 -0.018287 -0.0608363 -0.0358557
	1 -0 -0.0608363 -0.0175687
	2 -0 -0.0425493 -0.0358557
	3 -0 -0.0608363 -0.0541427
	4 -0 -0.0791233 -0.0358557
	5 0.018287 -0.0608363 -0.0358557
TABLEAU D'INDEX :

	0 1 2  tex(1)
	0 2 3  tex(1)
	0 3 4  tex(1)
	0 4 1  tex(1)
	5 2 1  tex(1)
	5 3 2  tex(1)
	5 4 3  tex(1)
	5 1 4  tex(1)
La couleur est  0.5608 0.8784 0.3412 dans l'objet géométrique 12
Nom de l'objet geo : Sph_re01
Row0 : 1	0	0

Row1 : 0	0	1

Row2 : 0	-1	0

Il y a 114 sommets dans l'objet geometrique 13
Il y a 224 faces dans l'objet geometrique 13
Le fichier contient 114 sommets et 224faces
TABLEAU DE SOMMETS :

	0 0.00232033 -0.133333 0.441314
	1 0.00232033 -0.123184 0.492338
	2 -0.017206 -0.123184 0.488454
	3 -0.0337593 -0.123184 0.477394
	4 -0.04482 -0.123184 0.46084
	5 -0.048704 -0.123184 0.441314
	6 -0.04482 -0.123184 0.421788
	7 -0.0337593 -0.123184 0.405234
	8 -0.017206 -0.123184 0.394173
	9 0.00232033 -0.123184 0.390289
	10 0.0218467 -0.123184 0.394173
	11 0.0384 -0.123184 0.405234
	12 0.0494607 -0.123184 0.421788
	13 0.0533447 -0.123184 0.441314
	14 0.0494607 -0.123184 0.46084
	15 0.0384 -0.123184 0.477394
	16 0.0218467 -0.123184 0.488454
	17 0.00232033 -0.094281 0.535595
	18 -0.0337593 -0.094281 0.528418
	19 -0.0643463 -0.094281 0.507981
	20 -0.084784 -0.094281 0.477394
	21 -0.0919607 -0.094281 0.441314
	22 -0.084784 -0.094281 0.405234
	23 -0.0643463 -0.094281 0.374647
	24 -0.0337593 -0.094281 0.35421
	25 0.00232033 -0.094281 0.347033
	26 0.0384 -0.094281 0.35421
	27 0.068987 -0.094281 0.374647
	28 0.0894247 -0.094281 0.405234
	29 0.0966013 -0.094281 0.441314
	30 0.0894247 -0.094281 0.477394
	31 0.068987 -0.094281 0.507981
	32 0.0384 -0.094281 0.528418
	33 0.00232033 -0.0510243 0.564498
	34 -0.04482 -0.0510243 0.555121
	35 -0.084784 -0.0510243 0.528418
	36 -0.111487 -0.0510243 0.488454
	37 -0.120864 -0.0510243 0.441314
	38 -0.111487 -0.0510243 0.394173
	39 -0.084784 -0.0510243 0.35421
	40 -0.04482 -0.0510243 0.327507
	41 0.00232033 -0.0510243 0.31813
	42 0.0494607 -0.0510243 0.327507
	43 0.0894247 -0.0510243 0.35421
	44 0.116127 -0.0510243 0.394173
	45 0.125504 -0.0510243 0.441314
	46 0.116127 -0.0510243 0.488454
	47 0.0894247 -0.0510243 0.528418
	48 0.0494607 -0.0510243 0.555121
	49 0.00232033 -0 0.574647
	50 -0.048704 -0 0.564498
	51 -0.0919607 -0 0.535595
	52 -0.120864 -0 0.492338
	53 -0.131013 -0 0.441314
	54 -0.120864 -0 0.390289
	55 -0.0919607 -0 0.347033
	56 -0.048704 -0 0.31813
	57 0.00232033 -0 0.307981
	58 0.0533447 -0 0.31813
	59 0.0966013 -0 0.347033
	60 0.125504 -0 0.390289
	61 0.135654 -0 0.441314
	62 0.125504 -0 0.492338
	63 0.0966013 -0 0.535595
	64 0.0533447 -0 0.564498
	65 0.00232033 0.0510243 0.564498
	66 -0.04482 0.0510243 0.555121
	67 -0.084784 0.0510243 0.528418
	68 -0.111487 0.0510243 0.488454
	69 -0.120864 0.0510243 0.441314
	70 -0.111487 0.0510243 0.394173
	71 -0.084784 0.0510243 0.35421
	72 -0.04482 0.0510243 0.327507
	73 0.00232033 0.0510243 0.31813
	74 0.0494607 0.0510243 0.327507
	75 0.0894247 0.0510243 0.35421
	76 0.116127 0.0510243 0.394173
	77 0.125504 0.0510243 0.441314
	78 0.116127 0.0510243 0.488454
	79 0.0894247 0.0510243 0.528418
	80 0.0494607 0.0510243 0.555121
	81 0.00232033 0.094281 0.535595
	82 -0.0337593 0.094281 0.528418
	83 -0.0643463 0.094281 0.507981
	84 -0.084784 0.094281 0.477394
	85 -0.0919607 0.094281 0.441314
	86 -0.084784 0.094281 0.405234
	87 -0.0643463 0.094281 0.374647
	88 -0.0337593 0.094281 0.35421
	89 0.00232033 0.094281 0.347033
	90 0.0384 0.094281 0.35421
	91 0.068987 0.094281 0.374647
	92 0.0894247 0.094281 0.405234
	93 0.0966013 0.094281 0.441314
	94 0.0894247 0.094281 0.477394
	95 0.068987 0.094281 0.507981
	96 0.0384 0.094281 0.528418
	97 0.00232033 0.123184 0.492338
	98 -0.017206 0.123184 0.488454
	99 -0.0337593 0.123184 0.477394
	100 -0.04482 0.123184 0.46084
	101 -0.048704 0.123184 0.441314
	102 -0.04482 0.123184 0.421788
	103 -0.0337593 0.123184 0.405234
	104 -0.017206 0.123184 0.394173
	105 0.00232033 0.123184 0.390289
	106 0.0218467 0.123184 0.394173
	107 0.0384 0.123184 0.405234
	108 0.0494607 0.123184 0.421788
	109 0.0533447 0.123184 0.441314
	110 0.0494607 0.123184 0.46084
	111 0.0384 0.123184 0.477394
	112 0.0218467 0.123184 0.488454
	113 0.00232033 0.133333 0.441314
TABLEAU D'INDEX :

	0 1 2  tex(1)
	0 2 3  tex(1)
	0 3 4  tex(1)
	0 4 5  tex(1)
	0 5 6  tex(1)
	0 6 7  tex(1)
	0 7 8  tex(1)
	0 8 9  tex(1)
	0 9 10  tex(1)
	0 10 11  tex(1)
	0 11 12  tex(1)
	0 12 13  tex(1)
	0 13 14  tex(1)
	0 14 15  tex(1)
	0 15 16  tex(1)
	0 16 1  tex(1)
	1 17 18  tex(1)
	1 18 2  tex(1)
	2 18 19  tex(1)
	2 19 3  tex(1)
	3 19 20  tex(1)
	3 20 4  tex(1)
	4 20 21  tex(1)
	4 21 5  tex(1)
	5 21 22  tex(1)
	5 22 6  tex(1)
	6 22 23  tex(1)
	6 23 7  tex(1)
	7 23 24  tex(1)
	7 24 8  tex(1)
	8 24 25  tex(1)
	8 25 9  tex(1)
	9 25 26  tex(1)
	9 26 10  tex(1)
	10 26 27  tex(1)
	10 27 11  tex(1)
	11 27 28  tex(1)
	11 28 12  tex(1)
	12 28 29  tex(1)
	12 29 13  tex(1)
	13 29 30  tex(1)
	13 30 14  tex(1)
	14 30 31  tex(1)
	14 31 15  tex(1)
	15 31 32  tex(1)
	15 32 16  tex(1)
	16 32 17  tex(1)
	16 17 1  tex(1)
	17 33 34  tex(1)
	17 34 18  tex(1)
	18 34 35  tex(1)
	18 35 19  tex(1)
	19 35 36  tex(1)
	19 36 20  tex(1)
	20 36 37  tex(1)
	20 37 21  tex(1)
	21 37 38  tex(1)
	21 38 22  tex(1)
	22 38 39  tex(1)
	22 39 23  tex(1)
	23 39 40  tex(1)
	23 40 24  tex(1)
	24 40 41  tex(1)
	24 41 25  tex(1)
	25 41 42  tex(1)
	25 42 26  tex(1)
	26 42 43  tex(1)
	26 43 27  tex(1)
	27 43 44  tex(1)
	27 44 28  tex(1)
	28 44 45  tex(1)
	28 45 29  tex(1)
	29 45 46  tex(1)
	29 46 30  tex(1)
	30 46 47  tex(1)
	30 47 31  tex(1)
	31 47 48  tex(1)
	31 48 32  tex(1)
	32 48 33  tex(1)
	32 33 17  tex(1)
	33 49 50  tex(1)
	33 50 34  tex(1)
	34 50 51  tex(1)
	34 51 35  tex(1)
	35 51 52  tex(1)
	35 52 36  tex(1)
	36 52 53  tex(1)
	36 53 37  tex(1)
	37 53 54  tex(1)
	37 54 38  tex(1)
	38 54 55  tex(1)
	38 55 39  tex(1)
	39 55 56  tex(1)
	39 56 40  tex(1)
	40 56 57  tex(1)
	40 57 41  tex(1)
	41 57 58  tex(1)
	41 58 42  tex(1)
	42 58 59  tex(1)
	42 59 43  tex(1)
	43 59 60  tex(1)
	43 60 44  tex(1)
	44 60 61  tex(1)
	44 61 45  tex(1)
	45 61 62  tex(1)
	45 62 46  tex(1)
	46 62 63  tex(1)
	46 63 47  tex(1)
	47 63 64  tex(1)
	47 64 48  tex(1)
	48 64 49  tex(1)
	48 49 33  tex(1)
	49 65 66  tex(1)
	49 66 50  tex(1)
	50 66 67  tex(1)
	50 67 51  tex(1)
	51 67 68  tex(1)
	51 68 52  tex(1)
	52 68 69  tex(1)
	52 69 53  tex(1)
	53 69 70  tex(1)
	53 70 54  tex(1)
	54 70 71  tex(1)
	54 71 55  tex(1)
	55 71 72  tex(1)
	55 72 56  tex(1)
	56 72 73  tex(1)
	56 73 57  tex(1)
	57 73 74  tex(1)
	57 74 58  tex(1)
	58 74 75  tex(1)
	58 75 59  tex(1)
	59 75 76  tex(1)
	59 76 60  tex(1)
	60 76 77  tex(1)
	60 77 61  tex(1)
	61 77 78  tex(1)
	61 78 62  tex(1)
	62 78 79  tex(1)
	62 79 63  tex(1)
	63 79 80  tex(1)
	63 80 64  tex(1)
	64 80 65  tex(1)
	64 65 49  tex(1)
	65 81 82  tex(1)
	65 82 66  tex(1)
	66 82 83  tex(1)
	66 83 67  tex(1)
	67 83 84  tex(1)
	67 84 68  tex(1)
	68 84 85  tex(1)
	68 85 69  tex(1)
	69 85 86  tex(1)
	69 86 70  tex(1)
	70 86 87  tex(1)
	70 87 71  tex(1)
	71 87 88  tex(1)
	71 88 72  tex(1)
	72 88 89  tex(1)
	72 89 73  tex(1)
	73 89 90  tex(1)
	73 90 74  tex(1)
	74 90 91  tex(1)
	74 91 75  tex(1)
	75 91 92  tex(1)
	75 92 76  tex(1)
	76 92 93  tex(1)
	76 93 77  tex(1)
	77 93 94  tex(1)
	77 94 78  tex(1)
	78 94 95  tex(1)
	78 95 79  tex(1)
	79 95 96  tex(1)
	79 96 80  tex(1)
	80 96 81  tex(1)
	80 81 65  tex(1)
	81 97 98  tex(1)
	81 98 82  tex(1)
	82 98 99  tex(1)
	82 99 83  tex(1)
	83 99 100  tex(1)
	83 100 84  tex(1)
	84 100 101  tex(1)
	84 101 85  tex(1)
	85 101 102  tex(1)
	85 102 86  tex(1)
	86 102 103  tex(1)
	86 103 87  tex(1)
	87 103 104  tex(1)
	87 104 88  tex(1)
	88 104 105  tex(1)
	88 105 89  tex(1)
	89 105 106  tex(1)
	89 106 90  tex(1)
	90 106 107  tex(1)
	90 107 91  tex(1)
	91 107 108  tex(1)
	91 108 92  tex(1)
	92 108 109  tex(1)
	92 109 93  tex(1)
	93 109 110  tex(1)
	93 110 94  tex(1)
	94 110 111  tex(1)
	94 111 95  tex(1)
	95 111 112  tex(1)
	95 112 96  tex(1)
	96 112 97  tex(1)
	96 97 81  tex(1)
	113 98 97  tex(1)
	113 99 98  tex(1)
	113 100 99  tex(1)
	113 101 100  tex(1)
	113 102 101  tex(1)
	113 103 102  tex(1)
	113 104 103  tex(1)
	113 105 104  tex(1)
	113 106 105  tex(1)
	113 107 106  tex(1)
	113 108 107  tex(1)
	113 109 108  tex(1)
	113 110 109  tex(1)
	113 111 110  tex(1)
	113 112 111  tex(1)
	113 97 112  tex(1)
TABLEAU DE SOMMETS DE TEXTURES :

	0 1 0 0
	1 1 0.0625 0
	2 1 0.125 0
	3 1 0.1875 0
	4 1 0.25 0
	5 1 0.3125 0
	6 1 0.375 0
	7 1 0.4375 0
	8 1 0.5 0
	9 1 0.5625 0
	10 1 0.625 0
	11 1 0.6875 0
	12 1 0.75 0
	13 1 0.8125 0
	14 1 0.875 0
	15 1 0.9375 0
	16 1 1 0
	17 0.875 0 0
	18 0.875 0.0625 0
	19 0.875 0.125 0
	20 0.875 0.1875 0
	21 0.875 0.25 0
	22 0.875 0.3125 0
	23 0.875 0.375 0
	24 0.875 0.4375 0
	25 0.875 0.5 0
	26 0.875 0.5625 0
	27 0.875 0.625 0
	28 0.875 0.6875 0
	29 0.875 0.75 0
	30 0.875 0.8125 0
	31 0.875 0.875 0
	32 0.875 0.9375 0
	33 0.875 1 0
	34 0.75 0 0
	35 0.75 0.0625 0
	36 0.75 0.125 0
	37 0.75 0.1875 0
	38 0.75 0.25 0
	39 0.75 0.3125 0
	40 0.75 0.375 0
	41 0.75 0.4375 0
	42 0.75 0.5 0
	43 0.75 0.5625 0
	44 0.75 0.625 0
	45 0.75 0.6875 0
	46 0.75 0.75 0
	47 0.75 0.8125 0
	48 0.75 0.875 0
	49 0.75 0.9375 0
	50 0.75 1 0
	51 0.625 0 0
	52 0.625 0.0625 0
	53 0.625 0.125 0
	54 0.625 0.1875 0
	55 0.625 0.25 0
	56 0.625 0.3125 0
	57 0.625 0.375 0
	58 0.625 0.4375 0
	59 0.625 0.5 0
	60 0.625 0.5625 0
	61 0.625 0.625 0
	62 0.625 0.6875 0
	63 0.625 0.75 0
	64 0.625 0.8125 0
	65 0.625 0.875 0
	66 0.625 0.9375 0
	67 0.625 1 0
	68 0.5 0 0
	69 0.5 0.0625 0
	70 0.5 0.125 0
	71 0.5 0.1875 0
	72 0.5 0.25 0
	73 0.5 0.3125 0
	74 0.5 0.375 0
	75 0.5 0.4375 0
	76 0.5 0.5 0
	77 0.5 0.5625 0
	78 0.5 0.625 0
	79 0.5 0.6875 0
	80 0.5 0.75 0
	81 0.5 0.8125 0
	82 0.5 0.875 0
	83 0.5 0.9375 0
	84 0.5 1 0
	85 0.375 0 0
	86 0.375 0.0625 0
	87 0.375 0.125 0
	88 0.375 0.1875 0
	89 0.375 0.25 0
	90 0.375 0.3125 0
	91 0.375 0.375 0
	92 0.375 0.4375 0
	93 0.375 0.5 0
	94 0.375 0.5625 0
	95 0.375 0.625 0
	96 0.375 0.6875 0
	97 0.375 0.75 0
	98 0.375 0.8125 0
	99 0.375 0.875 0
	100 0.375 0.9375 0
	101 0.375 1 0
	102 0.25 0 0
	103 0.25 0.0625 0
	104 0.25 0.125 0
	105 0.25 0.1875 0
	106 0.25 0.25 0
	107 0.25 0.3125 0
	108 0.25 0.375 0
	109 0.25 0.4375 0
	110 0.25 0.5 0
	111 0.25 0.5625 0
	112 0.25 0.625 0
	113 0.25 0.6875 0
	114 0.25 0.75 0
	115 0.25 0.8125 0
	116 0.25 0.875 0
	117 0.25 0.9375 0
	118 0.25 1 0
	119 0.125 0 0
	120 0.125 0.0625 0
	121 0.125 0.125 0
	122 0.125 0.1875 0
	123 0.125 0.25 0
	124 0.125 0.3125 0
	125 0.125 0.375 0
	126 0.125 0.4375 0
	127 0.125 0.5 0
	128 0.125 0.5625 0
	129 0.125 0.625 0
	130 0.125 0.6875 0
	131 0.125 0.75 0
	132 0.125 0.8125 0
	133 0.125 0.875 0
	134 0.125 0.9375 0
	135 0.125 1 0
	136 0 0 0
	137 0 0.0625 0
	138 0 0.125 0
	139 0 0.1875 0
	140 0 0.25 0
	141 0 0.3125 0
	142 0 0.375 0
	143 0 0.4375 0
	144 0 0.5 0
	145 0 0.5625 0
	146 0 0.625 0
	147 0 0.6875 0
	148 0 0.75 0
	149 0 0.8125 0
	150 0 0.875 0
	151 0 0.9375 0
	152 0 1 0
Il y a 153 coordonnées de texture dans l'objet géométrique 13
TABLEAU D'INDEX DE TEXTURES :

	0 0 17 18
	1 1 18 19
	2 2 19 20
	3 3 20 21
	4 4 21 22
	5 5 22 23
	6 6 23 24
	7 7 24 25
	8 8 25 26
	9 9 26 27
	10 10 27 28
	11 11 28 29
	12 12 29 30
	13 13 30 31
	14 14 31 32
	15 15 32 33
	16 17 34 35
	17 17 35 18
	18 18 35 36
	19 18 36 19
	20 19 36 37
	21 19 37 20
	22 20 37 38
	23 20 38 21
	24 21 38 39
	25 21 39 22
	26 22 39 40
	27 22 40 23
	28 23 40 41
	29 23 41 24
	30 24 41 42
	31 24 42 25
	32 25 42 43
	33 25 43 26
	34 26 43 44
	35 26 44 27
	36 27 44 45
	37 27 45 28
	38 28 45 46
	39 28 46 29
	40 29 46 47
	41 29 47 30
	42 30 47 48
	43 30 48 31
	44 31 48 49
	45 31 49 32
	46 32 49 50
	47 32 50 33
	48 34 51 52
	49 34 52 35
	50 35 52 53
	51 35 53 36
	52 36 53 54
	53 36 54 37
	54 37 54 55
	55 37 55 38
	56 38 55 56
	57 38 56 39
	58 39 56 57
	59 39 57 40
	60 40 57 58
	61 40 58 41
	62 41 58 59
	63 41 59 42
	64 42 59 60
	65 42 60 43
	66 43 60 61
	67 43 61 44
	68 44 61 62
	69 44 62 45
	70 45 62 63
	71 45 63 46
	72 46 63 64
	73 46 64 47
	74 47 64 65
	75 47 65 48
	76 48 65 66
	77 48 66 49
	78 49 66 67
	79 49 67 50
	80 51 68 69
	81 51 69 52
	82 52 69 70
	83 52 70 53
	84 53 70 71
	85 53 71 54
	86 54 71 72
	87 54 72 55
	88 55 72 73
	89 55 73 56
	90 56 73 74
	91 56 74 57
	92 57 74 75
	93 57 75 58
	94 58 75 76
	95 58 76 59
	96 59 76 77
	97 59 77 60
	98 60 77 78
	99 60 78 61
	100 61 78 79
	101 61 79 62
	102 62 79 80
	103 62 80 63
	104 63 80 81
	105 63 81 64
	106 64 81 82
	107 64 82 65
	108 65 82 83
	109 65 83 66
	110 66 83 84
	111 66 84 67
	112 68 85 86
	113 68 86 69
	114 69 86 87
	115 69 87 70
	116 70 87 88
	117 70 88 71
	118 71 88 89
	119 71 89 72
	120 72 89 90
	121 72 90 73
	122 73 90 91
	123 73 91 74
	124 74 91 92
	125 74 92 75
	126 75 92 93
	127 75 93 76
	128 76 93 94
	129 76 94 77
	130 77 94 95
	131 77 95 78
	132 78 95 96
	133 78 96 79
	134 79 96 97
	135 79 97 80
	136 80 97 98
	137 80 98 81
	138 81 98 99
	139 81 99 82
	140 82 99 100
	141 82 100 83
	142 83 100 101
	143 83 101 84
	144 85 102 103
	145 85 103 86
	146 86 103 104
	147 86 104 87
	148 87 104 105
	149 87 105 88
	150 88 105 106
	151 88 106 89
	152 89 106 107
	153 89 107 90
	154 90 107 108
	155 90 108 91
	156 91 108 109
	157 91 109 92
	158 92 109 110
	159 92 110 93
	160 93 110 111
	161 93 111 94
	162 94 111 112
	163 94 112 95
	164 95 112 113
	165 95 113 96
	166 96 113 114
	167 96 114 97
	168 97 114 115
	169 97 115 98
	170 98 115 116
	171 98 116 99
	172 99 116 117
	173 99 117 100
	174 100 117 118
	175 100 118 101
	176 102 119 120
	177 102 120 103
	178 103 120 121
	179 103 121 104
	180 104 121 122
	181 104 122 105
	182 105 122 123
	183 105 123 106
	184 106 123 124
	185 106 124 107
	186 107 124 125
	187 107 125 108
	188 108 125 126
	189 108 126 109
	190 109 126 127
	191 109 127 110
	192 110 127 128
	193 110 128 111
	194 111 128 129
	195 111 129 112
	196 112 129 130
	197 112 130 113
	198 113 130 131
	199 113 131 114
	200 114 131 132
	201 114 132 115
	202 115 132 133
	203 115 133 116
	204 116 133 134
	205 116 134 117
	206 117 134 135
	207 117 135 118
	208 136 120 119
	209 137 121 120
	210 138 122 121
	211 139 123 122
	212 140 124 123
	213 141 125 124
	214 142 126 125
	215 143 127 126
	216 144 128 127
	217 145 129 128
	218 146 130 129
	219 147 131 130
	220 148 132 131
	221 149 133 132
	222 150 134 133
	223 151 135 134
Il y a 224 index de texture dans l'objet géométrique 13
Reference au matériau 0 dans l'objet geometrique 13
End of file