This file contains any messages produced by compilers while
running configure, to aid debugging if configure makes a mistake.

It was created by configure, which was
generated by GNU Autoconf 2.69.  Invocation command line was

  $ ./configure --build=x86_64-pc-mingw32 --host=x86_64-w64-mingw32

## --------- ##
## Platform. ##
## --------- ##

hostname = R2D1
uname -m = x86_64
uname -r = 2.5.2(0.297/5/3)
uname -s = MINGW64_NT-10.0
uname -v = 2016-06-30 08:53

/usr/bin/uname -p = unknown
/bin/uname -X     = unknown

/bin/arch              = x86_64
/usr/bin/arch -k       = unknown
/usr/convex/getsysinfo = unknown
/usr/bin/hostinfo      = unknown
/bin/machine           = unknown
/usr/bin/oslevel       = unknown
/bin/universe          = unknown

PATH: /mingw64/bin
PATH: /usr/local/bin
PATH: /usr/bin
PATH: /bin
PATH: /c/Windows/System32
PATH: /c/Windows
PATH: /c/Windows/System32/Wbem
PATH: /c/Windows/System32/WindowsPowerShell/v1.0/
PATH: /usr/bin/site_perl
PATH: /usr/bin/vendor_perl
PATH: /usr/bin/core_perl


## ----------- ##
## Core tests. ##
## ----------- ##

configure:2101: loading site script /mingw64/etc/config.site
| # This file is in public domain.
| # Original author: Karlson2k (Evgeny Grin)
| # Written for MSys2/MinGW64 to help running 'configure' scripts
| 
| # Defaults for MinGW64-targeted programs
| 
| # Set proper selfname on bash and fallback to default name on other shells
| test -n "${BASH_SOURCE}" 2>/dev/null && config_site_me="${BASH_SOURCE[0]##*/}" || config_site_me=config.site
| 
| # Set default 'host' to speedup configure
| if test -z "$build_alias"; then
|   build_alias="${MSYSTEM_CHOST-x86_64-w64-mingw32}" && \
|     $as_echo "$config_site_me:${as_lineno-$LINENO}: default build_alias set to $build_alias" >&5 
| fi
| 
| # Set default 'prefix' to "/mingw64"
| if ( test -z "$prefix" || test "x$prefix" = "xNONE" ) && \
|    ( test -z "$exec_prefix" || test "x$exec_prefix" = "xNONE" ); then
|   prefix="${MSYSTEM_PREFIX-/mingw64}" && \
|     $as_echo "$config_site_me:${as_lineno-$LINENO}: default prefix set to $prefix" >&5
| fi
config.site:20: default prefix set to /mingw64
configure:2258: checking build system type
configure:2272: result: x86_64-pc-mingw32
configure:2292: checking host system type
configure:2305: result: x86_64-w64-mingw32
configure:2346: checking how to print strings
configure:2373: result: printf
configure:2402: checking for x86_64-w64-mingw32-gcc
configure:2429: result: /mingw64/bin/x86_64-w64-mingw32-gcc
configure:2698: checking for C compiler version
configure:2707: /mingw64/bin/x86_64-w64-mingw32-gcc --version >&5
x86_64-w64-mingw32-gcc.exe (Rev1, Built by MSYS2 project) 5.4.0
Copyright (C) 2015 Free Software Foundation, Inc.
This is free software; see the source for copying conditions.  There is NO
warranty; not even for MERCHANTABILITY or FITNESS FOR A PARTICULAR PURPOSE.

configure:2718: $? = 0
configure:2707: /mingw64/bin/x86_64-w64-mingw32-gcc -v >&5
Using built-in specs.
COLLECT_GCC=C:\msys64\mingw64\bin\x86_64-w64-mingw32-gcc.exe
COLLECT_LTO_WRAPPER=C:/msys64/mingw64/bin/../lib/gcc/x86_64-w64-mingw32/5.4.0/lto-wrapper.exe
Target: x86_64-w64-mingw32
Configured with: ../gcc-5.4.0/configure --prefix=/mingw64 --with-local-prefix=/mingw64/local --build=x86_64-w64-mingw32 --host=x86_64-w64-mingw32 --target=x86_64-w64-mingw32 --with-native-system-header-dir=/mingw64/x86_64-w64-mingw32/include --libexecdir=/mingw64/lib --with-gxx-include-dir=/mingw64/include/c++/5.4.0 --enable-bootstrap --with-arch=x86-64 --with-tune=generic --enable-languages=c,lto,c++,objc,obj-c++,fortran,ada --enable-shared --enable-static --enable-libatomic --enable-threads=posix --enable-graphite --enable-fully-dynamic-string --enable-libstdcxx-time=yes --disable-libstdcxx-pch --disable-libstdcxx-debug --enable-version-specific-runtime-libs --disable-isl-version-check --enable-lto --enable-libgomp --disable-multilib --enable-checking=release --disable-rpath --disable-win32-registry --disable-nls --disable-werror --disable-symvers --with-libiconv --with-system-zlib --with-gmp=/mingw64 --with-mpfr=/mingw64 --with-mpc=/mingw64 --with-isl=/mingw64 --with-pkgversion='Rev1, Built by MSYS2 project' --with-bugurl=https://sourceforge.net/projects/msys2 --with-gnu-as --with-gnu-ld
Thread model: posix
gcc version 5.4.0 (Rev1, Built by MSYS2 project) 
configure:2718: $? = 0
configure:2707: /mingw64/bin/x86_64-w64-mingw32-gcc -V >&5
x86_64-w64-mingw32-gcc.exe: error: unrecognized command line option '-V'
x86_64-w64-mingw32-gcc.exe: fatal error: no input files
compilation terminated.
configure:2718: $? = 1
configure:2707: /mingw64/bin/x86_64-w64-mingw32-gcc -qversion >&5
x86_64-w64-mingw32-gcc.exe: error: unrecognized command line option '-qversion'
x86_64-w64-mingw32-gcc.exe: fatal error: no input files
compilation terminated.
configure:2718: $? = 1
configure:2738: checking whether the C compiler works
configure:2760: /mingw64/bin/x86_64-w64-mingw32-gcc -D_AGAR_INTERNAL -D_BSD_SOURCE -g  -I/h/jkt/agar-1.5.0/include -D_AGAR_CORE_INTERNAL -U_XOPEN_SOURCE -D_XOPEN_SOURCE=600         conftest.c  >&5
configure:2764: $? = 0
configure:2812: result: yes
configure:2815: checking for C compiler default output file name
configure:2817: result: a.exe
configure:2823: checking for suffix of executables
configure:2830: /mingw64/bin/x86_64-w64-mingw32-gcc -o conftest.exe -D_AGAR_INTERNAL -D_BSD_SOURCE -g  -I/h/jkt/agar-1.5.0/include -D_AGAR_CORE_INTERNAL -U_XOPEN_SOURCE -D_XOPEN_SOURCE=600         conftest.c  >&5
configure:2834: $? = 0
configure:2856: result: .exe
configure:2878: checking whether we are cross compiling
configure:2916: result: yes
configure:2921: checking for suffix of object files
configure:2943: /mingw64/bin/x86_64-w64-mingw32-gcc -c -D_AGAR_INTERNAL -D_BSD_SOURCE -g  -I/h/jkt/agar-1.5.0/include -D_AGAR_CORE_INTERNAL -U_XOPEN_SOURCE -D_XOPEN_SOURCE=600        conftest.c >&5
configure:2947: $? = 0
configure:2968: result: o
configure:2972: checking whether we are using the GNU C compiler
configure:2991: /mingw64/bin/x86_64-w64-mingw32-gcc -c -D_AGAR_INTERNAL -D_BSD_SOURCE -g  -I/h/jkt/agar-1.5.0/include -D_AGAR_CORE_INTERNAL -U_XOPEN_SOURCE -D_XOPEN_SOURCE=600        conftest.c >&5
configure:2991: $? = 0
configure:3000: result: yes
configure:3009: checking whether /mingw64/bin/x86_64-w64-mingw32-gcc accepts -g
configure:3029: /mingw64/bin/x86_64-w64-mingw32-gcc -c -g  conftest.c >&5
configure:3029: $? = 0
configure:3070: result: yes
configure:3087: checking for /mingw64/bin/x86_64-w64-mingw32-gcc option to accept ISO C89
configure:3150: /mingw64/bin/x86_64-w64-mingw32-gcc  -c -D_AGAR_INTERNAL -D_BSD_SOURCE -g  -I/h/jkt/agar-1.5.0/include -D_AGAR_CORE_INTERNAL -U_XOPEN_SOURCE -D_XOPEN_SOURCE=600        conftest.c >&5
configure:3150: $? = 0
configure:3163: result: none needed
configure:3183: checking for a sed that does not truncate output
configure:3247: result: /usr/bin/sed
configure:3265: checking for grep that handles long lines and -e
configure:3323: result: /usr/bin/grep
configure:3328: checking for egrep
configure:3390: result: /usr/bin/grep -E
configure:3395: checking for fgrep
configure:3457: result: /usr/bin/grep -F
configure:3492: checking for ld used by /mingw64/bin/x86_64-w64-mingw32-gcc
configure:3559: result: C:/msys64/mingw64/x86_64-w64-mingw32/bin/ld.exe
configure:3566: checking if the linker (C:/msys64/mingw64/x86_64-w64-mingw32/bin/ld.exe) is GNU ld
configure:3581: result: yes
configure:3593: checking for BSD- or MS-compatible name lister (nm)
configure:3642: result: no
configure:3656: checking for x86_64-w64-mingw32-dumpbin
configure:3686: result: no
configure:3656: checking for x86_64-w64-mingw32-link
configure:3686: result: no
configure:3700: checking for dumpbin
configure:3730: result: no
configure:3700: checking for link
configure:3716: found /usr/bin/link
configure:3727: result: link -dump
configure:3743: WARNING: using cross tools not prefixed with host triplet
configure:3772: checking the name lister (nm) interface
configure:3779: /mingw64/bin/x86_64-w64-mingw32-gcc -c -D_AGAR_INTERNAL -D_BSD_SOURCE -g  -I/h/jkt/agar-1.5.0/include -D_AGAR_CORE_INTERNAL -U_XOPEN_SOURCE -D_XOPEN_SOURCE=600        conftest.c >&5
configure:3782: nm "conftest.o"
configure:3785: output
0000000000000000 b .bss
0000000000000000 d .data
0000000000000000 N .debug_abbrev
0000000000000000 N .debug_aranges
0000000000000000 N .debug_info
0000000000000000 N .debug_line
0000000000000000 r .rdata$zzz
0000000000000000 t .text
0000000000000000 B some_variable
configure:3792: result: BSD nm
configure:3795: checking whether ln -s works
configure:3802: result: no, using cp -pR
configure:3807: checking the maximum length of command line arguments
configure:3937: result: 8192
configure:3954: checking whether the shell understands some XSI constructs
configure:3964: result: yes
configure:3968: checking whether the shell understands "+="
configure:3974: result: yes
configure:4009: checking how to convert x86_64-pc-mingw32 file names to x86_64-w64-mingw32 format
configure:4049: result: func_convert_file_msys_to_w32
configure:4056: checking how to convert x86_64-pc-mingw32 file names to toolchain format
configure:4076: result: func_convert_file_msys_to_w32
configure:4083: checking for C:/msys64/mingw64/x86_64-w64-mingw32/bin/ld.exe option to reload object files
configure:4090: result: -r
configure:4124: checking for x86_64-w64-mingw32-objdump
configure:4154: result: no
configure:4164: checking for objdump
configure:4180: found /mingw64/bin/objdump
configure:4191: result: objdump
configure:4220: checking how to recognize dependent libraries
configure:4422: result: file_magic ^x86 archive import|^x86 DLL
configure:4467: checking for x86_64-w64-mingw32-dlltool
configure:4497: result: no
configure:4507: checking for dlltool
configure:4523: found /mingw64/bin/dlltool
configure:4534: result: dlltool
configure:4564: checking how to associate runtime and link libraries
configure:4591: result: func_cygming_dll_for_implib
configure:4608: checking for x86_64-w64-mingw32-ar
configure:4638: result: no
configure:4652: checking for ar
configure:4668: found /mingw64/bin/ar
configure:4679: result: ar
configure:4716: checking for archiver @FILE support
configure:4733: /mingw64/bin/x86_64-w64-mingw32-gcc -c -D_AGAR_INTERNAL -D_BSD_SOURCE -g  -I/h/jkt/agar-1.5.0/include -D_AGAR_CORE_INTERNAL -U_XOPEN_SOURCE -D_XOPEN_SOURCE=600        conftest.c >&5
configure:4733: $? = 0
configure:4736: ar cru libconftest.a @conftest.lst >&5
configure:4739: $? = 0
configure:4744: ar cru libconftest.a @conftest.lst >&5
C:\msys64\mingw64\bin\ar.exe: conftest.o: No such file or directory
configure:4747: $? = 1
configure:4759: result: @
configure:4777: checking for x86_64-w64-mingw32-strip
configure:4807: result: no
configure:4817: checking for strip
configure:4833: found /mingw64/bin/strip
configure:4844: result: strip
configure:4876: checking for x86_64-w64-mingw32-ranlib
configure:4906: result: no
configure:4916: checking for ranlib
configure:4932: found /mingw64/bin/ranlib
configure:4943: result: ranlib
configure:5020: checking for gawk
configure:5036: found /usr/bin/gawk
configure:5047: result: gawk
configure:5087: checking command to parse nm output from /mingw64/bin/x86_64-w64-mingw32-gcc object
configure:5207: /mingw64/bin/x86_64-w64-mingw32-gcc -c -D_AGAR_INTERNAL -D_BSD_SOURCE -g  -I/h/jkt/agar-1.5.0/include -D_AGAR_CORE_INTERNAL -U_XOPEN_SOURCE -D_XOPEN_SOURCE=600        conftest.c >&5
configure:5210: $? = 0
configure:5214: nm conftest.o \| sed -n -e 's/^.*[ ]\([ABCDGIRSTW][ABCDGIRSTW]*\)[ ][ ]*\([_A-Za-z][_A-Za-z0-9]*\)\{0,1\}$/\1 \2 \2/p' | sed '/ __gnu_lto/d' \> conftest.nm
configure:5217: $? = 0
configure:5283: /mingw64/bin/x86_64-w64-mingw32-gcc -o conftest.exe -D_AGAR_INTERNAL -D_BSD_SOURCE -g  -I/h/jkt/agar-1.5.0/include -D_AGAR_CORE_INTERNAL -U_XOPEN_SOURCE -D_XOPEN_SOURCE=600         conftest.c conftstm.o >&5
configure:5286: $? = 0
configure:5324: result: ok
configure:5361: checking for sysroot
configure:5391: result: no
configure:5607: checking for x86_64-w64-mingw32-mt
configure:5637: result: no
configure:5647: checking for mt
configure:5677: result: no
configure:5697: checking if : is a manifest tool
configure:5703: : '-?'
configure:5711: result: no
configure:6353: checking how to run the C preprocessor
configure:6384: /mingw64/bin/x86_64-w64-mingw32-gcc -E  conftest.c
configure:6384: $? = 0
configure:6398: /mingw64/bin/x86_64-w64-mingw32-gcc -E  conftest.c
conftest.c:9:28: fatal error: ac_nonexistent.h: No such file or directory
compilation terminated.
configure:6398: $? = 1
configure: failed program was:
| /* confdefs.h */
| #define PACKAGE_NAME ""
| #define PACKAGE_TARNAME ""
| #define PACKAGE_VERSION ""
| #define PACKAGE_STRING ""
| #define PACKAGE_BUGREPORT ""
| #define PACKAGE_URL ""
| /* end confdefs.h.  */
| #include <ac_nonexistent.h>
configure:6423: result: /mingw64/bin/x86_64-w64-mingw32-gcc -E
configure:6443: /mingw64/bin/x86_64-w64-mingw32-gcc -E  conftest.c
configure:6443: $? = 0
configure:6457: /mingw64/bin/x86_64-w64-mingw32-gcc -E  conftest.c
conftest.c:9:28: fatal error: ac_nonexistent.h: No such file or directory
compilation terminated.
configure:6457: $? = 1
configure: failed program was:
| /* confdefs.h */
| #define PACKAGE_NAME ""
| #define PACKAGE_TARNAME ""
| #define PACKAGE_VERSION ""
| #define PACKAGE_STRING ""
| #define PACKAGE_BUGREPORT ""
| #define PACKAGE_URL ""
| /* end confdefs.h.  */
| #include <ac_nonexistent.h>
configure:6486: checking for ANSI C header files
configure:6506: /mingw64/bin/x86_64-w64-mingw32-gcc -c -D_AGAR_INTERNAL -D_BSD_SOURCE -g  -I/h/jkt/agar-1.5.0/include -D_AGAR_CORE_INTERNAL -U_XOPEN_SOURCE -D_XOPEN_SOURCE=600        conftest.c >&5
configure:6506: $? = 0
configure:6590: result: yes
configure:6603: checking for sys/types.h
configure:6603: /mingw64/bin/x86_64-w64-mingw32-gcc -c -D_AGAR_INTERNAL -D_BSD_SOURCE -g  -I/h/jkt/agar-1.5.0/include -D_AGAR_CORE_INTERNAL -U_XOPEN_SOURCE -D_XOPEN_SOURCE=600        conftest.c >&5
configure:6603: $? = 0
configure:6603: result: yes
configure:6603: checking for sys/stat.h
configure:6603: /mingw64/bin/x86_64-w64-mingw32-gcc -c -D_AGAR_INTERNAL -D_BSD_SOURCE -g  -I/h/jkt/agar-1.5.0/include -D_AGAR_CORE_INTERNAL -U_XOPEN_SOURCE -D_XOPEN_SOURCE=600        conftest.c >&5
configure:6603: $? = 0
configure:6603: result: yes
configure:6603: checking for stdlib.h
configure:6603: /mingw64/bin/x86_64-w64-mingw32-gcc -c -D_AGAR_INTERNAL -D_BSD_SOURCE -g  -I/h/jkt/agar-1.5.0/include -D_AGAR_CORE_INTERNAL -U_XOPEN_SOURCE -D_XOPEN_SOURCE=600        conftest.c >&5
configure:6603: $? = 0
configure:6603: result: yes
configure:6603: checking for string.h
configure:6603: /mingw64/bin/x86_64-w64-mingw32-gcc -c -D_AGAR_INTERNAL -D_BSD_SOURCE -g  -I/h/jkt/agar-1.5.0/include -D_AGAR_CORE_INTERNAL -U_XOPEN_SOURCE -D_XOPEN_SOURCE=600        conftest.c >&5
configure:6603: $? = 0
configure:6603: result: yes
configure:6603: checking for memory.h
configure:6603: /mingw64/bin/x86_64-w64-mingw32-gcc -c -D_AGAR_INTERNAL -D_BSD_SOURCE -g  -I/h/jkt/agar-1.5.0/include -D_AGAR_CORE_INTERNAL -U_XOPEN_SOURCE -D_XOPEN_SOURCE=600        conftest.c >&5
configure:6603: $? = 0
configure:6603: result: yes
configure:6603: checking for strings.h
configure:6603: /mingw64/bin/x86_64-w64-mingw32-gcc -c -D_AGAR_INTERNAL -D_BSD_SOURCE -g  -I/h/jkt/agar-1.5.0/include -D_AGAR_CORE_INTERNAL -U_XOPEN_SOURCE -D_XOPEN_SOURCE=600        conftest.c >&5
configure:6603: $? = 0
configure:6603: result: yes
configure:6603: checking for inttypes.h
configure:6603: /mingw64/bin/x86_64-w64-mingw32-gcc -c -D_AGAR_INTERNAL -D_BSD_SOURCE -g  -I/h/jkt/agar-1.5.0/include -D_AGAR_CORE_INTERNAL -U_XOPEN_SOURCE -D_XOPEN_SOURCE=600        conftest.c >&5
configure:6603: $? = 0
configure:6603: result: yes
configure:6603: checking for stdint.h
configure:6603: /mingw64/bin/x86_64-w64-mingw32-gcc -c -D_AGAR_INTERNAL -D_BSD_SOURCE -g  -I/h/jkt/agar-1.5.0/include -D_AGAR_CORE_INTERNAL -U_XOPEN_SOURCE -D_XOPEN_SOURCE=600        conftest.c >&5
configure:6603: $? = 0
configure:6603: result: yes
configure:6603: checking for unistd.h
configure:6603: /mingw64/bin/x86_64-w64-mingw32-gcc -c -D_AGAR_INTERNAL -D_BSD_SOURCE -g  -I/h/jkt/agar-1.5.0/include -D_AGAR_CORE_INTERNAL -U_XOPEN_SOURCE -D_XOPEN_SOURCE=600        conftest.c >&5
configure:6603: $? = 0
configure:6603: result: yes
configure:6617: checking for dlfcn.h
configure:6617: /mingw64/bin/x86_64-w64-mingw32-gcc -c -D_AGAR_INTERNAL -D_BSD_SOURCE -g  -I/h/jkt/agar-1.5.0/include -D_AGAR_CORE_INTERNAL -U_XOPEN_SOURCE -D_XOPEN_SOURCE=600        conftest.c >&5
conftest.c:53:19: fatal error: dlfcn.h: No such file or directory
compilation terminated.
configure:6617: $? = 1
configure: failed program was:
| /* confdefs.h */
| #define PACKAGE_NAME ""
| #define PACKAGE_TARNAME ""
| #define PACKAGE_VERSION ""
| #define PACKAGE_STRING ""
| #define PACKAGE_BUGREPORT ""
| #define PACKAGE_URL ""
| #define STDC_HEADERS 1
| #define HAVE_SYS_TYPES_H 1
| #define HAVE_SYS_STAT_H 1
| #define HAVE_STDLIB_H 1
| #define HAVE_STRING_H 1
| #define HAVE_MEMORY_H 1
| #define HAVE_STRINGS_H 1
| #define HAVE_INTTYPES_H 1
| #define HAVE_STDINT_H 1
| #define HAVE_UNISTD_H 1
| /* end confdefs.h.  */
| #include <stdio.h>
| #ifdef HAVE_SYS_TYPES_H
| # include <sys/types.h>
| #endif
| #ifdef HAVE_SYS_STAT_H
| # include <sys/stat.h>
| #endif
| #ifdef STDC_HEADERS
| # include <stdlib.h>
| # include <stddef.h>
| #else
| # ifdef HAVE_STDLIB_H
| #  include <stdlib.h>
| # endif
| #endif
| #ifdef HAVE_STRING_H
| # if !defined STDC_HEADERS && defined HAVE_MEMORY_H
| #  include <memory.h>
| # endif
| # include <string.h>
| #endif
| #ifdef HAVE_STRINGS_H
| # include <strings.h>
| #endif
| #ifdef HAVE_INTTYPES_H
| # include <inttypes.h>
| #endif
| #ifdef HAVE_STDINT_H
| # include <stdint.h>
| #endif
| #ifdef HAVE_UNISTD_H
| # include <unistd.h>
| #endif
| 
| #include <dlfcn.h>
configure:6617: result: no
configure:6640: checking for x86_64-w64-mingw32-as
configure:6670: result: no
configure:6680: checking for as
configure:6696: found /mingw64/bin/as
configure:6707: result: as
configure:6732: checking for x86_64-w64-mingw32-dlltool
configure:6759: result: dlltool
configure:6824: checking for x86_64-w64-mingw32-objdump
configure:6851: result: objdump
configure:7121: checking for objdir
configure:7136: result: .libs
configure:7407: checking if /mingw64/bin/x86_64-w64-mingw32-gcc supports -fno-rtti -fno-exceptions
configure:7425: /mingw64/bin/x86_64-w64-mingw32-gcc -c -D_AGAR_INTERNAL -D_BSD_SOURCE -g  -I/h/jkt/agar-1.5.0/include -D_AGAR_CORE_INTERNAL -U_XOPEN_SOURCE -D_XOPEN_SOURCE=600        -fno-rtti -fno-exceptions conftest.c >&5
cc1.exe: warning: command line option '-fno-rtti' is valid for C++/ObjC++ but not for C
configure:7429: $? = 0
configure:7442: result: no
configure:7769: checking for /mingw64/bin/x86_64-w64-mingw32-gcc option to produce PIC
configure:7776: result: -DDLL_EXPORT -DPIC
configure:7784: checking if /mingw64/bin/x86_64-w64-mingw32-gcc PIC flag -DDLL_EXPORT -DPIC works
configure:7802: /mingw64/bin/x86_64-w64-mingw32-gcc -c -D_AGAR_INTERNAL -D_BSD_SOURCE -g  -I/h/jkt/agar-1.5.0/include -D_AGAR_CORE_INTERNAL -U_XOPEN_SOURCE -D_XOPEN_SOURCE=600        -DDLL_EXPORT -DPIC -DPIC conftest.c >&5
configure:7806: $? = 0
configure:7819: result: yes
configure:7848: checking if /mingw64/bin/x86_64-w64-mingw32-gcc static flag -static works
configure:7876: result: yes
configure:7891: checking if /mingw64/bin/x86_64-w64-mingw32-gcc supports -c -o file.o
configure:7912: /mingw64/bin/x86_64-w64-mingw32-gcc -c -D_AGAR_INTERNAL -D_BSD_SOURCE -g  -I/h/jkt/agar-1.5.0/include -D_AGAR_CORE_INTERNAL -U_XOPEN_SOURCE -D_XOPEN_SOURCE=600        -o out/conftest2.o conftest.c >&5
configure:7916: $? = 0
configure:7938: result: yes
configure:7946: checking if /mingw64/bin/x86_64-w64-mingw32-gcc supports -c -o file.o
configure:7993: result: yes
configure:8026: checking whether the /mingw64/bin/x86_64-w64-mingw32-gcc linker (C:/msys64/mingw64/x86_64-w64-mingw32/bin/ld.exe) supports shared libraries
configure:9179: result: yes
configure:9216: checking whether -lc should be explicitly linked in
configure:9224: /mingw64/bin/x86_64-w64-mingw32-gcc -c -D_AGAR_INTERNAL -D_BSD_SOURCE -g  -I/h/jkt/agar-1.5.0/include -D_AGAR_CORE_INTERNAL -U_XOPEN_SOURCE -D_XOPEN_SOURCE=600        conftest.c >&5
configure:9227: $? = 0
configure:9242: /mingw64/bin/x86_64-w64-mingw32-gcc -shared conftest.o  -v -o ./conftest -Wl,--enable-auto-image-base -Xlinker --out-implib -Xlinker conftest 2\>\&1 \| /usr/bin/grep  -lc  \>/dev/null 2\>\&1
configure:9245: $? = 1
configure:9259: result: yes
configure:9419: checking dynamic linker characteristics
configure:10152: result: Win32 ld.exe
configure:10259: checking how to hardcode library paths into programs
configure:10284: result: immediate
configure:10824: checking whether stripping libraries is possible
configure:10829: result: yes
configure:10864: checking if libtool supports shared libraries
configure:10866: result: yes
configure:10869: checking whether to build shared libraries
configure:10890: result: yes
configure:10893: checking whether to build static libraries
configure:10897: result: yes
configure:11046: checking for C++ compiler version
configure:11055: g++ --version >&5
g++.exe (Rev1, Built by MSYS2 project) 5.4.0
Copyright (C) 2015 Free Software Foundation, Inc.
This is free software; see the source for copying conditions.  There is NO
warranty; not even for MERCHANTABILITY or FITNESS FOR A PARTICULAR PURPOSE.

configure:11066: $? = 0
configure:11055: g++ -v >&5
Using built-in specs.
COLLECT_GCC=C:\msys64\mingw64\bin\g++.exe
COLLECT_LTO_WRAPPER=C:/msys64/mingw64/bin/../lib/gcc/x86_64-w64-mingw32/5.4.0/lto-wrapper.exe
Target: x86_64-w64-mingw32
Configured with: ../gcc-5.4.0/configure --prefix=/mingw64 --with-local-prefix=/mingw64/local --build=x86_64-w64-mingw32 --host=x86_64-w64-mingw32 --target=x86_64-w64-mingw32 --with-native-system-header-dir=/mingw64/x86_64-w64-mingw32/include --libexecdir=/mingw64/lib --with-gxx-include-dir=/mingw64/include/c++/5.4.0 --enable-bootstrap --with-arch=x86-64 --with-tune=generic --enable-languages=c,lto,c++,objc,obj-c++,fortran,ada --enable-shared --enable-static --enable-libatomic --enable-threads=posix --enable-graphite --enable-fully-dynamic-string --enable-libstdcxx-time=yes --disable-libstdcxx-pch --disable-libstdcxx-debug --enable-version-specific-runtime-libs --disable-isl-version-check --enable-lto --enable-libgomp --disable-multilib --enable-checking=release --disable-rpath --disable-win32-registry --disable-nls --disable-werror --disable-symvers --with-libiconv --with-system-zlib --with-gmp=/mingw64 --with-mpfr=/mingw64 --with-mpc=/mingw64 --with-isl=/mingw64 --with-pkgversion='Rev1, Built by MSYS2 project' --with-bugurl=https://sourceforge.net/projects/msys2 --with-gnu-as --with-gnu-ld
Thread model: posix
gcc version 5.4.0 (Rev1, Built by MSYS2 project) 
configure:11066: $? = 0
configure:11055: g++ -V >&5
g++.exe: error: unrecognized command line option '-V'
g++.exe: fatal error: no input files
compilation terminated.
configure:11066: $? = 1
configure:11055: g++ -qversion >&5
g++.exe: error: unrecognized command line option '-qversion'
g++.exe: fatal error: no input files
compilation terminated.
configure:11066: $? = 1
configure:11070: checking whether we are using the GNU C++ compiler
configure:11089: g++ -c -D_AGAR_INTERNAL -D_BSD_SOURCE -I/h/jkt/agar-1.5.0/include  conftest.cpp >&5
configure:11089: $? = 0
configure:11098: result: yes
configure:11107: checking whether g++ accepts -g
configure:11127: g++ -c -g  conftest.cpp >&5
configure:11127: $? = 0
configure:11168: result: yes
configure:11210: checking how to run the C++ preprocessor
configure:11237: g++ -E  conftest.cpp
configure:11237: $? = 0
configure:11251: g++ -E  conftest.cpp
conftest.cpp:20:28: fatal error: ac_nonexistent.h: No such file or directory
compilation terminated.
configure:11251: $? = 1
configure: failed program was:
| /* confdefs.h */
| #define PACKAGE_NAME ""
| #define PACKAGE_TARNAME ""
| #define PACKAGE_VERSION ""
| #define PACKAGE_STRING ""
| #define PACKAGE_BUGREPORT ""
| #define PACKAGE_URL ""
| #define STDC_HEADERS 1
| #define HAVE_SYS_TYPES_H 1
| #define HAVE_SYS_STAT_H 1
| #define HAVE_STDLIB_H 1
| #define HAVE_STRING_H 1
| #define HAVE_MEMORY_H 1
| #define HAVE_STRINGS_H 1
| #define HAVE_INTTYPES_H 1
| #define HAVE_STDINT_H 1
| #define HAVE_UNISTD_H 1
| #define LT_OBJDIR ".libs/"
| /* end confdefs.h.  */
| #include <ac_nonexistent.h>
configure:11276: result: g++ -E
configure:11296: g++ -E  conftest.cpp
configure:11296: $? = 0
configure:11310: g++ -E  conftest.cpp
conftest.cpp:20:28: fatal error: ac_nonexistent.h: No such file or directory
compilation terminated.
configure:11310: $? = 1
configure: failed program was:
| /* confdefs.h */
| #define PACKAGE_NAME ""
| #define PACKAGE_TARNAME ""
| #define PACKAGE_VERSION ""
| #define PACKAGE_STRING ""
| #define PACKAGE_BUGREPORT ""
| #define PACKAGE_URL ""
| #define STDC_HEADERS 1
| #define HAVE_SYS_TYPES_H 1
| #define HAVE_SYS_STAT_H 1
| #define HAVE_STDLIB_H 1
| #define HAVE_STRING_H 1
| #define HAVE_MEMORY_H 1
| #define HAVE_STRINGS_H 1
| #define HAVE_INTTYPES_H 1
| #define HAVE_STDINT_H 1
| #define HAVE_UNISTD_H 1
| #define LT_OBJDIR ".libs/"
| /* end confdefs.h.  */
| #include <ac_nonexistent.h>
configure:11479: checking for ld used by g++
configure:11546: result: C:/msys64/mingw64/x86_64-w64-mingw32/bin/ld.exe
configure:11553: checking if the linker (C:/msys64/mingw64/x86_64-w64-mingw32/bin/ld.exe) is GNU ld
configure:11568: result: yes
configure:11623: checking whether the g++ linker (C:/msys64/mingw64/x86_64-w64-mingw32/bin/ld.exe) supports shared libraries
configure:12628: result: yes
configure:12664: g++ -c -D_AGAR_INTERNAL -D_BSD_SOURCE -I/h/jkt/agar-1.5.0/include  conftest.cpp >&5
configure:12667: $? = 0
configure:13187: checking for g++ option to produce PIC
configure:13194: result: -DDLL_EXPORT -DPIC
configure:13202: checking if g++ PIC flag -DDLL_EXPORT -DPIC works
configure:13220: g++ -c -D_AGAR_INTERNAL -D_BSD_SOURCE -I/h/jkt/agar-1.5.0/include  -DDLL_EXPORT -DPIC -DPIC conftest.cpp >&5
configure:13224: $? = 0
configure:13237: result: yes
configure:13260: checking if g++ static flag -static works
configure:13288: result: yes
configure:13300: checking if g++ supports -c -o file.o
configure:13321: g++ -c -D_AGAR_INTERNAL -D_BSD_SOURCE -I/h/jkt/agar-1.5.0/include  -o out/conftest2.o conftest.cpp >&5
configure:13325: $? = 0
configure:13347: result: yes
configure:13352: checking if g++ supports -c -o file.o
configure:13399: result: yes
configure:13429: checking whether the g++ linker (C:/msys64/mingw64/x86_64-w64-mingw32/bin/ld.exe) supports shared libraries
configure:13465: result: yes
configure:13606: checking dynamic linker characteristics
configure:14273: result: Win32 ld.exe
configure:14326: checking how to hardcode library paths into programs
configure:14351: result: immediate
configure:14400: checking for x86_64-w64-mingw32-gcc
configure:14427: result: /mingw64/bin/x86_64-w64-mingw32-gcc
configure:14696: checking for C compiler version
configure:14705: /mingw64/bin/x86_64-w64-mingw32-gcc --version >&5
x86_64-w64-mingw32-gcc.exe (Rev1, Built by MSYS2 project) 5.4.0
Copyright (C) 2015 Free Software Foundation, Inc.
This is free software; see the source for copying conditions.  There is NO
warranty; not even for MERCHANTABILITY or FITNESS FOR A PARTICULAR PURPOSE.

configure:14716: $? = 0
configure:14705: /mingw64/bin/x86_64-w64-mingw32-gcc -v >&5
Using built-in specs.
COLLECT_GCC=C:\msys64\mingw64\bin\x86_64-w64-mingw32-gcc.exe
COLLECT_LTO_WRAPPER=C:/msys64/mingw64/bin/../lib/gcc/x86_64-w64-mingw32/5.4.0/lto-wrapper.exe
Target: x86_64-w64-mingw32
Configured with: ../gcc-5.4.0/configure --prefix=/mingw64 --with-local-prefix=/mingw64/local --build=x86_64-w64-mingw32 --host=x86_64-w64-mingw32 --target=x86_64-w64-mingw32 --with-native-system-header-dir=/mingw64/x86_64-w64-mingw32/include --libexecdir=/mingw64/lib --with-gxx-include-dir=/mingw64/include/c++/5.4.0 --enable-bootstrap --with-arch=x86-64 --with-tune=generic --enable-languages=c,lto,c++,objc,obj-c++,fortran,ada --enable-shared --enable-static --enable-libatomic --enable-threads=posix --enable-graphite --enable-fully-dynamic-string --enable-libstdcxx-time=yes --disable-libstdcxx-pch --disable-libstdcxx-debug --enable-version-specific-runtime-libs --disable-isl-version-check --enable-lto --enable-libgomp --disable-multilib --enable-checking=release --disable-rpath --disable-win32-registry --disable-nls --disable-werror --disable-symvers --with-libiconv --with-system-zlib --with-gmp=/mingw64 --with-mpfr=/mingw64 --with-mpc=/mingw64 --with-isl=/mingw64 --with-pkgversion='Rev1, Built by MSYS2 project' --with-bugurl=https://sourceforge.net/projects/msys2 --with-gnu-as --with-gnu-ld
Thread model: posix
gcc version 5.4.0 (Rev1, Built by MSYS2 project) 
configure:14716: $? = 0
configure:14705: /mingw64/bin/x86_64-w64-mingw32-gcc -V >&5
x86_64-w64-mingw32-gcc.exe: error: unrecognized command line option '-V'
x86_64-w64-mingw32-gcc.exe: fatal error: no input files
compilation terminated.
configure:14716: $? = 1
configure:14705: /mingw64/bin/x86_64-w64-mingw32-gcc -qversion >&5
x86_64-w64-mingw32-gcc.exe: error: unrecognized command line option '-qversion'
x86_64-w64-mingw32-gcc.exe: fatal error: no input files
compilation terminated.
configure:14716: $? = 1
configure:14720: checking whether we are using the GNU C compiler
configure:14748: result: yes
configure:14757: checking whether /mingw64/bin/x86_64-w64-mingw32-gcc accepts -g
configure:14818: result: yes
configure:14835: checking for /mingw64/bin/x86_64-w64-mingw32-gcc option to accept ISO C89
configure:14911: result: none needed
configure:15043: checking for C++ compiler version
configure:15052: g++ --version >&5
g++.exe (Rev1, Built by MSYS2 project) 5.4.0
Copyright (C) 2015 Free Software Foundation, Inc.
This is free software; see the source for copying conditions.  There is NO
warranty; not even for MERCHANTABILITY or FITNESS FOR A PARTICULAR PURPOSE.

configure:15063: $? = 0
configure:15052: g++ -v >&5
Using built-in specs.
COLLECT_GCC=C:\msys64\mingw64\bin\g++.exe
COLLECT_LTO_WRAPPER=C:/msys64/mingw64/bin/../lib/gcc/x86_64-w64-mingw32/5.4.0/lto-wrapper.exe
Target: x86_64-w64-mingw32
Configured with: ../gcc-5.4.0/configure --prefix=/mingw64 --with-local-prefix=/mingw64/local --build=x86_64-w64-mingw32 --host=x86_64-w64-mingw32 --target=x86_64-w64-mingw32 --with-native-system-header-dir=/mingw64/x86_64-w64-mingw32/include --libexecdir=/mingw64/lib --with-gxx-include-dir=/mingw64/include/c++/5.4.0 --enable-bootstrap --with-arch=x86-64 --with-tune=generic --enable-languages=c,lto,c++,objc,obj-c++,fortran,ada --enable-shared --enable-static --enable-libatomic --enable-threads=posix --enable-graphite --enable-fully-dynamic-string --enable-libstdcxx-time=yes --disable-libstdcxx-pch --disable-libstdcxx-debug --enable-version-specific-runtime-libs --disable-isl-version-check --enable-lto --enable-libgomp --disable-multilib --enable-checking=release --disable-rpath --disable-win32-registry --disable-nls --disable-werror --disable-symvers --with-libiconv --with-system-zlib --with-gmp=/mingw64 --with-mpfr=/mingw64 --with-mpc=/mingw64 --with-isl=/mingw64 --with-pkgversion='Rev1, Built by MSYS2 project' --with-bugurl=https://sourceforge.net/projects/msys2 --with-gnu-as --with-gnu-ld
Thread model: posix
gcc version 5.4.0 (Rev1, Built by MSYS2 project) 
configure:15063: $? = 0
configure:15052: g++ -V >&5
g++.exe: error: unrecognized command line option '-V'
g++.exe: fatal error: no input files
compilation terminated.
configure:15063: $? = 1
configure:15052: g++ -qversion >&5
g++.exe: error: unrecognized command line option '-qversion'
g++.exe: fatal error: no input files
compilation terminated.
configure:15063: $? = 1
configure:15067: checking whether we are using the GNU C++ compiler
configure:15095: result: yes
configure:15104: checking whether g++ accepts -g
configure:15165: result: yes
configure:15202: checking for a BSD-compatible install
configure:15270: result: /usr/bin/install -c
configure:15281: checking whether make sets $(MAKE)
configure:15303: result: yes
configure:15315: checking for x86_64-w64-mingw32-windres
configure:15345: result: no
configure:15355: checking for windres
configure:15371: found /mingw64/bin/windres
configure:15382: result: windres
configure:15520: creating ./config.status

## ---------------------- ##
## Running config.status. ##
## ---------------------- ##

This file was extended by config.status, which was
generated by GNU Autoconf 2.69.  Invocation command line was

  CONFIG_FILES    = 
  CONFIG_HEADERS  = 
  CONFIG_LINKS    = 
  CONFIG_COMMANDS = 
  $ ./config.status 

on R2D1

config.status:1122: creating Makefile
config.status:1311: executing libtool commands

## ---------------- ##
## Cache variables. ##
## ---------------- ##

ac_cv_build=x86_64-pc-mingw32
ac_cv_c_compiler_gnu=yes
ac_cv_cxx_compiler_gnu=yes
ac_cv_env_CCC_set=
ac_cv_env_CCC_value=
ac_cv_env_CC_set=set
ac_cv_env_CC_value=/mingw64/bin/x86_64-w64-mingw32-gcc
ac_cv_env_CFLAGS_set=set
ac_cv_env_CFLAGS_value='-D_AGAR_INTERNAL -D_BSD_SOURCE -g  -I/h/jkt/agar-1.5.0/include -D_AGAR_CORE_INTERNAL -U_XOPEN_SOURCE -D_XOPEN_SOURCE=600      '
ac_cv_env_CPPFLAGS_set=
ac_cv_env_CPPFLAGS_value=
ac_cv_env_CPP_set=
ac_cv_env_CPP_value=
ac_cv_env_CXXCPP_set=
ac_cv_env_CXXCPP_value=
ac_cv_env_CXXFLAGS_set=set
ac_cv_env_CXXFLAGS_value='-D_AGAR_INTERNAL -D_BSD_SOURCE -I/h/jkt/agar-1.5.0/include'
ac_cv_env_CXX_set=set
ac_cv_env_CXX_value=g++
ac_cv_env_LDFLAGS_set=
ac_cv_env_LDFLAGS_value=
ac_cv_env_LIBS_set=
ac_cv_env_LIBS_value=
ac_cv_env_build_alias_set=set
ac_cv_env_build_alias_value=x86_64-pc-mingw32
ac_cv_env_host_alias_set=set
ac_cv_env_host_alias_value=x86_64-w64-mingw32
ac_cv_env_target_alias_set=
ac_cv_env_target_alias_value=
ac_cv_exeext=.exe
ac_cv_header_dlfcn_h=no
ac_cv_header_inttypes_h=yes
ac_cv_header_memory_h=yes
ac_cv_header_stdc=yes
ac_cv_header_stdint_h=yes
ac_cv_header_stdlib_h=yes
ac_cv_header_string_h=yes
ac_cv_header_strings_h=yes
ac_cv_header_sys_stat_h=yes
ac_cv_header_sys_types_h=yes
ac_cv_header_unistd_h=yes
ac_cv_host=x86_64-w64-mingw32
ac_cv_objext=o
ac_cv_path_EGREP='/usr/bin/grep -E'
ac_cv_path_FGREP='/usr/bin/grep -F'
ac_cv_path_GREP=/usr/bin/grep
ac_cv_path_SED=/usr/bin/sed
ac_cv_path_install='/usr/bin/install -c'
ac_cv_prog_AWK=gawk
ac_cv_prog_CC=/mingw64/bin/x86_64-w64-mingw32-gcc
ac_cv_prog_CPP='/mingw64/bin/x86_64-w64-mingw32-gcc -E'
ac_cv_prog_CXXCPP='g++ -E'
ac_cv_prog_DLLTOOL=dlltool
ac_cv_prog_OBJDUMP=objdump
ac_cv_prog_ac_ct_AR=ar
ac_cv_prog_ac_ct_AS=as
ac_cv_prog_ac_ct_DLLTOOL=dlltool
ac_cv_prog_ac_ct_DUMPBIN='link -dump'
ac_cv_prog_ac_ct_OBJDUMP=objdump
ac_cv_prog_ac_ct_RANLIB=ranlib
ac_cv_prog_ac_ct_STRIP=strip
ac_cv_prog_ac_ct_WINDRES=windres
ac_cv_prog_cc_c89=
ac_cv_prog_cc_g=yes
ac_cv_prog_cxx_g=yes
ac_cv_prog_make_make_set=yes
lt_cv_ar_at_file=@
lt_cv_archive_cmds_need_lc=yes
lt_cv_deplibs_check_method='file_magic ^x86 archive import|^x86 DLL'
lt_cv_file_magic_cmd=func_win32_libid
lt_cv_file_magic_test_file=
lt_cv_ld_reload_flag=-r
lt_cv_nm_interface='BSD nm'
lt_cv_objdir=.libs
lt_cv_path_LD=C:/msys64/mingw64/x86_64-w64-mingw32/bin/ld.exe
lt_cv_path_LDCXX=C:/msys64/mingw64/x86_64-w64-mingw32/bin/ld.exe
lt_cv_path_NM=no
lt_cv_path_mainfest_tool=no
lt_cv_prog_compiler_c_o=yes
lt_cv_prog_compiler_c_o_CXX=yes
lt_cv_prog_compiler_pic='-DDLL_EXPORT -DPIC'
lt_cv_prog_compiler_pic_CXX='-DDLL_EXPORT -DPIC'
lt_cv_prog_compiler_pic_works=yes
lt_cv_prog_compiler_pic_works_CXX=yes
lt_cv_prog_compiler_rtti_exceptions=no
lt_cv_prog_compiler_static_works=yes
lt_cv_prog_compiler_static_works_CXX=yes
lt_cv_prog_gnu_ld=yes
lt_cv_prog_gnu_ldcxx=yes
lt_cv_sharedlib_from_linklib_cmd=func_cygming_dll_for_implib
lt_cv_sys_global_symbol_pipe='sed -n -e '\''s/^.*[	 ]\([ABCDGIRSTW][ABCDGIRSTW]*\)[	 ][	 ]*\([_A-Za-z][_A-Za-z0-9]*\)\{0,1\}$/\1 \2 \2/p'\'' | sed '\''/ __gnu_lto/d'\'''
lt_cv_sys_global_symbol_to_c_name_address='sed -n -e '\''s/^: \([^ ]*\)[ ]*$/  {\"\1\", (void *) 0},/p'\'' -e '\''s/^[ABCDGIRSTW]* \([^ ]*\) \([^ ]*\)$/  {"\2", (void *) \&\2},/p'\'''
lt_cv_sys_global_symbol_to_c_name_address_lib_prefix='sed -n -e '\''s/^: \([^ ]*\)[ ]*$/  {\"\1\", (void *) 0},/p'\'' -e '\''s/^[ABCDGIRSTW]* \([^ ]*\) \(lib[^ ]*\)$/  {"\2", (void *) \&\2},/p'\'' -e '\''s/^[ABCDGIRSTW]* \([^ ]*\) \([^ ]*\)$/  {"lib\2", (void *) \&\2},/p'\'''
lt_cv_sys_global_symbol_to_cdecl='sed -n -e '\''s/^T .* \(.*\)$/extern int \1();/p'\'' -e '\''s/^[ABCDGIRSTW]* .* \(.*\)$/extern char \1;/p'\'''
lt_cv_sys_max_cmd_len=8192
lt_cv_to_host_file_cmd=func_convert_file_msys_to_w32
lt_cv_to_tool_file_cmd=func_convert_file_msys_to_w32

## ----------------- ##
## Output variables. ##
## ----------------- ##

AR='ar'
AS='as'
AWK='gawk'
CC='/mingw64/bin/x86_64-w64-mingw32-gcc'
CFLAGS='-D_AGAR_INTERNAL -D_BSD_SOURCE -g  -I/h/jkt/agar-1.5.0/include -D_AGAR_CORE_INTERNAL -U_XOPEN_SOURCE -D_XOPEN_SOURCE=600      '
CPP='/mingw64/bin/x86_64-w64-mingw32-gcc -E'
CPPFLAGS=''
CXX='g++'
CXXCPP='g++ -E'
CXXFLAGS='-D_AGAR_INTERNAL -D_BSD_SOURCE -I/h/jkt/agar-1.5.0/include'
DEFS='-DHAVE_CONFIG_H'
DLLTOOL='dlltool'
DSYMUTIL=''
DUMPBIN=':'
ECHO_C=''
ECHO_N='-n'
ECHO_T=''
EGREP='/usr/bin/grep -E'
EXEEXT='.exe'
FGREP='/usr/bin/grep -F'
GREP='/usr/bin/grep'
INSTALL_DATA='${INSTALL} -m 644'
INSTALL_PROGRAM='${INSTALL}'
INSTALL_SCRIPT='${INSTALL}'
LD='C:/msys64/mingw64/x86_64-w64-mingw32/bin/ld.exe'
LDFLAGS=''
LIBOBJS=''
LIBS=''
LIBTOOL='$(SHELL) $(top_builddir)/libtool'
LIPO=''
LN_S='cp -pR'
LTLIBOBJS=''
MANIFEST_TOOL=':'
NM='nm'
NMEDIT=''
OBJDUMP='objdump'
OBJEXT='o'
OTOOL64=''
OTOOL=''
PACKAGE_BUGREPORT=''
PACKAGE_NAME=''
PACKAGE_STRING=''
PACKAGE_TARNAME=''
PACKAGE_URL=''
PACKAGE_VERSION=''
PATH_SEPARATOR=':'
RANLIB='ranlib'
SED='/usr/bin/sed'
SET_MAKE=''
SHELL='/bin/sh'
STRIP='strip'
WINDRES='windres'
ac_ct_AR='ar'
ac_ct_CC=''
ac_ct_CXX=''
ac_ct_DUMPBIN='link -dump'
bindir='${exec_prefix}/bin'
build='x86_64-pc-mingw32'
build_alias='x86_64-pc-mingw32'
build_cpu='x86_64'
build_os='mingw32'
build_vendor='pc'
datadir='${datarootdir}'
datarootdir='${prefix}/share'
docdir='${datarootdir}/doc/${PACKAGE}'
dvidir='${docdir}'
exec_prefix='${prefix}'
host='x86_64-w64-mingw32'
host_alias='x86_64-w64-mingw32'
host_cpu='x86_64'
host_os='mingw32'
host_vendor='w64'
htmldir='${docdir}'
includedir='${prefix}/include'
infodir='${datarootdir}/info'
libdir='${exec_prefix}/lib'
libexecdir='${exec_prefix}/libexec'
localedir='${datarootdir}/locale'
localstatedir='${prefix}/var'
mandir='${datarootdir}/man'
oldincludedir='/usr/include'
pdfdir='${docdir}'
prefix='/mingw64'
program_transform_name='s,x,x,'
psdir='${docdir}'
sbindir='${exec_prefix}/sbin'
sharedstatedir='${prefix}/com'
sysconfdir='${prefix}/etc'
target_alias=''

## ----------- ##
## confdefs.h. ##
## ----------- ##

/* confdefs.h */
#define PACKAGE_NAME ""
#define PACKAGE_TARNAME ""
#define PACKAGE_VERSION ""
#define PACKAGE_STRING ""
#define PACKAGE_BUGREPORT ""
#define PACKAGE_URL ""
#define STDC_HEADERS 1
#define HAVE_SYS_TYPES_H 1
#define HAVE_SYS_STAT_H 1
#define HAVE_STDLIB_H 1
#define HAVE_STRING_H 1
#define HAVE_MEMORY_H 1
#define HAVE_STRINGS_H 1
#define HAVE_INTTYPES_H 1
#define HAVE_STDINT_H 1
#define HAVE_UNISTD_H 1
#define LT_OBJDIR ".libs/"

configure: exit 0
